C51 COMPILER V9.54   DS1302                                                                07/21/2021 20:25:42 PAGE 1   


C51 COMPILER V9.54, COMPILATION OF MODULE DS1302
OBJECT MODULE PLACED IN .\Objects\DS1302.obj
COMPILER INVOKED BY: D:\software\keil5\C51\BIN\C51.EXE DS1302.c OPTIMIZE(8,SPEED) BROWSE DEBUG OBJECTEXTEND PRINT(.\List
                    -ings\DS1302.lst) OBJECT(.\Objects\DS1302.obj)

line level    source

   1          #include <REGX52.H>
   2          #include "UserDef.H"
   3          #include "DS1302.H"
   4          
   5          
   6          /*******************************************************************************
   7          * 函 数 名              : DS1302_Initialization 时钟芯片初始化函数
   8          * 函数功能              : 将时钟芯片管脚置于默认电平
   9          * 输    入              : 无
  10          * 输    出              : 无
  11          *******************************************************************************/
  12          extern void DS1302_Initialization(void)
  13          {
  14   1              DS1302_CE = 0;
  15   1              DS1302_SCLK = 0;
  16   1      }
  17          
  18          /*******************************************************************************
  19          * 函 数 名              : DS1302_WriteByte 1302写入字节函数
  20          * 函数功能              : 给1302规定寄存器写入字节
  21          * 输    入              : Command（写入地址）
  22                                            Data（写入数据）
  23          * 输    出              : 无
  24          *******************************************************************************/
  25          static void DS1302_WriteByte(INT8U Command, Data)
  26          {
  27   1              INT8U i;
  28   1              DS1302_CE = 1;
  29   1              for(i = 0; i < 8; i++)
  30   1              {
  31   2                      DS1302_IO = Command & (0x01 << i);
  32   2                      DS1302_SCLK = 0;
  33   2                      DS1302_SCLK = 1;
  34   2              }
  35   1              for(i = 0; i < 8; i++)
  36   1              {
  37   2                      DS1302_IO = Data & (0x01 << i);
  38   2                      DS1302_SCLK = 0;
  39   2                      DS1302_SCLK = 1;
  40   2              }
  41   1              DS1302_IO = 0;
  42   1              DS1302_SCLK = 0;
  43   1              DS1302_CE = 0;
  44   1      }
  45          
  46          /*******************************************************************************
  47          * 函 数 名              : DS1302_ReadByte 1302读字节函数
  48          * 函数功能              : 读取相应地址的数据
  49          * 输    入              : command（读取地址）
  50          * 输    出              : DS1302_Data（返回该地址数据）
  51          *******************************************************************************/
  52          static INT8U DS1302_ReadByte(INT8U command)
  53          {
  54   1              INT8U i, DS1302_Data = 0x00;
C51 COMPILER V9.54   DS1302                                                                07/21/2021 20:25:42 PAGE 2   

  55   1              DS1302_CE = 1;
  56   1              for(i = 0; i < 8; i++)
  57   1              {
  58   2                      DS1302_IO = command & (0x01 << i);
  59   2                      DS1302_SCLK = 0;
  60   2                      DS1302_SCLK = 1;
  61   2              }
  62   1              for(i = 0; i < 8; i++)
  63   1              {
  64   2                      DS1302_SCLK = 1;
  65   2                      DS1302_SCLK = 0;
  66   2                      if(DS1302_IO)
  67   2                              DS1302_Data |= (0x01 << i);
  68   2              }
  69   1              DS1302_CE = 0;
  70   1              DS1302_IO=0;
  71   1              DS1302_Data = (DS1302_Data / 16) *10 + DS1302_Data % 16;  //BCD转10进制
  72   1              return DS1302_Data;
  73   1      }
  74          
  75          /*******************************************************************************
  76          * 函 数 名              : DS1302_SetTime  1302设置时间函数
  77          * 函数功能              : 将时间写入1302芯片中
  78          * 输    入              : 无
  79          * 输    出              : 无
  80          *******************************************************************************/
  81          extern void DS1302_SetTime(void)
  82          {
  83   1              DS1302_WriteByte(0x8E, 0X00);           //关闭写保护功能
  84   1              DS1302_WriteByte(0x8C, (Year / 10) *16 + Year % 10);            //10进制转换16进制，写入年份
  85   1              DS1302_WriteByte(0x88, (Month / 10) *16 + Month % 10);          //写入月
  86   1              DS1302_WriteByte(0x86, (Date / 10) *16 + Date % 10);            //写入日
  87   1              DS1302_WriteByte(0x84, (Hour / 10) *16 + Hour % 10);            //写入时
  88   1              DS1302_WriteByte(0x82, (Minute / 10) *16 + Minute % 10);        //写入分
  89   1              DS1302_WriteByte(0x80, (Second / 10) *16 + Second % 10);        //写入秒
  90   1              DS1302_WriteByte(0x8A, (Day / 10) *16 + Day % 10);                      //写入周
  91   1              DS1302_WriteByte(0x8E, 0x80);           //打开写保护功能
  92   1      }
  93          
  94          /*******************************************************************************
  95          * 函 数 名              : DS1302_ReadTime  1302读时间函数
  96          * 函数功能              : 读取1302内部时间
  97          * 输    入              : 无
  98          * 输    出              : 无
  99          *******************************************************************************/
 100          extern void DS1302_ReadTime(void)
 101          {
 102   1              Year = DS1302_ReadByte(0x8D);           //读取年
 103   1              Month = DS1302_ReadByte(0x89);          //读取月
 104   1              Date = DS1302_ReadByte(0x87);           //读取日
 105   1              Hour = DS1302_ReadByte(0x85);           //读取时
 106   1              Minute = DS1302_ReadByte(0x83);         //读取分
 107   1              Second = DS1302_ReadByte(0x81);         //读取秒
 108   1              Day = DS1302_ReadByte(0x8B);            //读取周
 109   1      }


MODULE INFORMATION:   STATIC OVERLAYABLE
   CODE SIZE        =    473    ----
   CONSTANT SIZE    =   ----    ----
   XDATA SIZE       =   ----    ----
   PDATA SIZE       =   ----    ----
C51 COMPILER V9.54   DS1302                                                                07/21/2021 20:25:42 PAGE 3   

   DATA SIZE        =   ----       2
   IDATA SIZE       =   ----    ----
   BIT SIZE         =   ----    ----
END OF MODULE INFORMATION.


C51 COMPILATION COMPLETE.  0 WARNING(S),  0 ERROR(S)
