C51 COMPILER V9.54   MAIN                                                                  07/21/2021 20:25:42 PAGE 1   


C51 COMPILER V9.54, COMPILATION OF MODULE MAIN
OBJECT MODULE PLACED IN .\Objects\main.obj
COMPILER INVOKED BY: D:\software\keil5\C51\BIN\C51.EXE main.c OPTIMIZE(8,SPEED) BROWSE DEBUG OBJECTEXTEND PRINT(.\Listin
                    -gs\main.lst) OBJECT(.\Objects\main.obj)

line level    source

   1          #include <REGX52.H>
   2          #include "UserDef.H"
   3          #include "LCD1602.H"
   4          #include "DS1302.H" 
   5          
   6          INT8U Year = 21, Month = 7, Date = 21, Hour = 17, Minute = 59, Second = 50, Day = 3;
   7          
   8          /*******************************************************************************
   9          * 函 数 名         :  main （主函数）
  10          * 函数功能                 :  主程循环执行
  11          * 输    入         :  无
  12          * 输    出         :  无
  13          *******************************************************************************/
  14          void main(void)
  15          {
  16   1              DS1302_Initialization();
  17   1              LCD_Initialization();
  18   1              LCD_ShowChar(1, 3, '-');
  19   1              LCD_ShowChar(1, 6, '-');
  20   1              LCD_ShowChar(2, 3, ':');
  21   1              LCD_ShowChar(2, 6, ':');
  22   1      //      DS1302_SetTime();
  23   1              while(1)
  24   1              {
  25   2                      DS1302_ReadTime();
  26   2                      LCD_ShowNumber(1, 1, Year);
  27   2                      LCD_ShowNumber(1, 4, Month);
  28   2                      LCD_ShowNumber(1, 7, Date);
  29   2                      LCD_ShowNumber(2, 1, Hour);
  30   2                      LCD_ShowNumber(2, 4, Minute);
  31   2                      LCD_ShowNumber(2, 7, Second);
  32   2              }
  33   1      }


MODULE INFORMATION:   STATIC OVERLAYABLE
   CODE SIZE        =    119    ----
   CONSTANT SIZE    =   ----    ----
   XDATA SIZE       =   ----    ----
   PDATA SIZE       =   ----    ----
   DATA SIZE        =      7    ----
   IDATA SIZE       =   ----    ----
   BIT SIZE         =   ----    ----
END OF MODULE INFORMATION.


C51 COMPILATION COMPLETE.  0 WARNING(S),  0 ERROR(S)
