C51 COMPILER V9.54   MAIN                                                                  08/30/2021 21:15:47 PAGE 1   


C51 COMPILER V9.54, COMPILATION OF MODULE MAIN
OBJECT MODULE PLACED IN .\Objects\main.obj
COMPILER INVOKED BY: D:\software\keil5\C51\BIN\C51.EXE main.c OPTIMIZE(8,SPEED) BROWSE DEBUG OBJECTEXTEND PRINT(.\Listin
                    -gs\main.lst) OBJECT(.\Objects\main.obj)

line level    source

   1          /*******************************************************************************
   2          实现功能：      通过定时器实现PWM波控制呼吸灯
   3                                  一条通道为直接纯输出PWM波控制LED
   4                                  另一条通道通过RC低通滤波后接上电压跟随器，实现数字量转换为模拟量控制小灯
   5                                  
   6          引脚定义：      LED     → P1^0
   7                                  PWM → P1^1
   8          *******************************************************************************/
   9          
  10          #include <REGX52.H>
  11          #include "UserDef.H"
  12          #include "Timer.H"
  13          #include "Delay.H"
  14                                                           
  15          /*******************************************************************************
  16          * 函 数 名         :  main （主函数）
  17          * 函数功能                 :  主程循环执行
  18          * 输    入         :  无
  19          * 输    出         :  无
  20          *******************************************************************************/
  21          void main(void)
  22          {
  23   1              Timer0_Initialization();
  24   1              while(1)
  25   1              {
  26   2                      for(Compare = 0; Compare <= 100; Compare++)             //比较值从0到100在从100到0实现呼吸灯效果
  27   2                      {
  28   3                              DelayXms(10);           //调节呼吸灯的快慢
  29   3                      }
  30   2                      for(Compare = 100; Compare >= 0; Compare--)
  31   2                      {
  32   3                              DelayXms(10);
  33   3                      }
  34   2              }
  35   1      }


MODULE INFORMATION:   STATIC OVERLAYABLE
   CODE SIZE        =     47    ----
   CONSTANT SIZE    =   ----    ----
   XDATA SIZE       =   ----    ----
   PDATA SIZE       =   ----    ----
   DATA SIZE        =   ----    ----
   IDATA SIZE       =   ----    ----
   BIT SIZE         =   ----    ----
END OF MODULE INFORMATION.


C51 COMPILATION COMPLETE.  0 WARNING(S),  0 ERROR(S)
