C51 COMPILER V9.54   TIMER                                                                 08/30/2021 21:15:47 PAGE 1   


C51 COMPILER V9.54, COMPILATION OF MODULE TIMER
OBJECT MODULE PLACED IN .\Objects\Timer.obj
COMPILER INVOKED BY: D:\software\keil5\C51\BIN\C51.EXE Timer.c OPTIMIZE(8,SPEED) BROWSE DEBUG OBJECTEXTEND PRINT(.\Listi
                    -ngs\Timer.lst) OBJECT(.\Objects\Timer.obj)

line level    source

   1          #include <REGX52.H>
   2          #include "UserDef.H"
   3          #include "Timer.H"
   4          
   5          INT8S Compare;
   6          
   7          /*******************************************************************************
   8          * 函 数 名         : Timer0_Initialization 定时器初始化函数
   9          * 函数功能                 : 定时器初始化设置（1毫秒@12.000MHz）
  10          * 输    入         : 无
  11          * 输    出         : 无
  12          *******************************************************************************/
  13          extern void Timer0_Initialization(void)
  14          {
  15   1              EA = 1;                 //总中断打开
  16   1              ET0 = 1;                //定时器0打开
  17   1              TMOD &= 0xF0;   //与或赋值
  18   1              TMOD |= 0x01;   //设置定时器模式1
  19   1              TL0 = 0x18;             //设置定时初值，延时1ms
  20   1              TH0 = 0xFC;             //设置定时初值
  21   1              TF0 = 0;                //清除TF0标志
  22   1              TR0 = 1;                //定时器0开始计时
  23   1      }
  24          
  25          /*******************************************************************************
  26          * 函 数 名         : Timer_Routine 定时器主函数
  27          * 函数功能                 : 计时器计时一定时间执行内容
  28          * 输    入         : 无
  29          * 输    出         : 无
  30          *******************************************************************************/
  31          void Timer0_Routine() interrupt 1
  32          {
  33   1              static INT8U count;
  34   1              TL0 = 0x9C;             //重置定时初始值100微秒 
  35   1              TH0 = 0xFF;
  36   1          count++;
  37   1              count %= 100;   //实现超过100归零  可以取代if判断  一个PWM的周期为100*100us即10ms
  38   1              if(count < Compare)
  39   1              {
  40   2                      LED = 1;                //直接IO口输出PWM波控制小灯
  41   2                      DA_PWM = 0;             //IO口输出PWM波通过低通滤波在经过电压跟随器控制小灯
  42   2              }
  43   1              else
  44   1              {
  45   2                      LED = 0;
  46   2                      DA_PWM = 1;
  47   2              }
  48   1      }


MODULE INFORMATION:   STATIC OVERLAYABLE
   CODE SIZE        =     96    ----
   CONSTANT SIZE    =   ----    ----
   XDATA SIZE       =   ----    ----
C51 COMPILER V9.54   TIMER                                                                 08/30/2021 21:15:47 PAGE 2   

   PDATA SIZE       =   ----    ----
   DATA SIZE        =      2    ----
   IDATA SIZE       =   ----    ----
   BIT SIZE         =   ----    ----
END OF MODULE INFORMATION.


C51 COMPILATION COMPLETE.  0 WARNING(S),  0 ERROR(S)
