C51 COMPILER V9.54   UART                                                                  07/16/2021 12:59:46 PAGE 1   


C51 COMPILER V9.54, COMPILATION OF MODULE UART
OBJECT MODULE PLACED IN .\Objects\Uart.obj
COMPILER INVOKED BY: D:\software\keil5\C51\BIN\C51.EXE Uart.c OPTIMIZE(8,SPEED) BROWSE DEBUG OBJECTEXTEND PRINT(.\Listin
                    -gs\Uart.lst) OBJECT(.\Objects\Uart.obj)

line level    source

   1          #include <REGX52.H>
   2          #include "UserDef.H"
   3          #include "Uart.h"
   4          #include "Delay.h"
   5          #include "LCD1602.H"
   6          
   7          /*******************************************************************************
   8          * 函 数 名              : Uart_Initialization 串口通讯函数初始化
   9          * 函数功能              : 配置串口通讯寄存器
  10          * 输    入              : 无
  11          * 输    出              : 无
  12          *******************************************************************************/
  13          extern void Uart_Initialization(void)
  14          {
  15   1              
  16   1              PCON &= 0x7F;           //波特率不倍速                          /*9600bps@11.0592MHz*/
  17   1              SCON = 0x50;            //8位数据,可变波特率
  18   1              TMOD &= 0x0F;           //与或赋值法配置模式
  19   1              TMOD |= 0x20;           //设定定时器1为8位自动重装方式
  20   1              TL1 = 0xFD;             //设定定时初值
  21   1              TH1 = 0xFD;             //设定定时器重装值
  22   1              ET1 = 0;                //禁止定时器1中断
  23   1              TR1 = 1;                //启动定时器1
  24   1              EA = 1;                 //打开总中断
  25   1              ES = 1;         //打开串口中断
  26   1              
  27   1      //      PCON |= 0x80;           //使能波特率倍速位SMOD          /*4800bps@12.000MHz*/
  28   1      //      SCON = 0x50;            //8位数据,可变波特率
  29   1      //      TMOD &= 0x0F;           //清除定时器1模式位
  30   1      //      TMOD |= 0x20;           //设定定时器1为8位自动重装方式
  31   1      //      TL1 = 0xF3;             //设定定时初值
  32   1      //      TH1 = 0xF3;             //设定定时器重装值
  33   1      //      ET1 = 0;                //禁止定时器1中断
  34   1      //      TR1 = 1;                //启动定时器1
  35   1      //      EA = 1;                 //打开总中断
  36   1      //      ES = 1;         //打开串口中断
  37   1              
  38   1      }
  39          
  40          /*******************************************************************************
  41          * 函 数 名              : Uart_SendByte  串口发送字节函数
  42          * 函数功能              : 单片机向外发送一个字节
  43          * 输    入              : Byte（输出字节内容）
  44          * 输    出              : 无
  45          *******************************************************************************/
  46          extern void Uart_SendByte(INT8U Byte)
  47          {
  48   1              SBUF = Byte;
  49   1      }
  50          
  51          /*******************************************************************************
  52          * 函 数 名              : Uart_Routine 串口中断函数
  53          * 函数功能              : 发送完或接收到数据时执行相应操作
  54          * 输    入              : 无
C51 COMPILER V9.54   UART                                                                  07/16/2021 12:59:46 PAGE 2   

  55          * 输    出              : 无
  56          *******************************************************************************/
  57          void Uart_Routine() interrupt 4
  58          {
  59   1              if(TI == 1)
  60   1              {
  61   2                      TI = 0;
  62   2              }
  63   1              if(RI == 1)
  64   1              {
  65   2                      LCD_ShowChar(2, 1, SBUF);
  66   2                      RI = 0;
  67   2              }
  68   1      }
  69          
  70          extern void Uart_SendString(INT8U Uart_String[])
  71          {
  72   1              INT8U i;
  73   1              for(i=0; Uart_String[i] != '\0'; i++)
  74   1              {
  75   2                      SBUF = Uart_String[i];
  76   2                      DelayXms(2);
  77   2              }
  78   1      }


MODULE INFORMATION:   STATIC OVERLAYABLE
   CODE SIZE        =    145    ----
   CONSTANT SIZE    =   ----    ----
   XDATA SIZE       =   ----    ----
   PDATA SIZE       =   ----    ----
   DATA SIZE        =   ----       4
   IDATA SIZE       =   ----    ----
   BIT SIZE         =   ----    ----
END OF MODULE INFORMATION.


C51 COMPILATION COMPLETE.  0 WARNING(S),  0 ERROR(S)
