C51 COMPILER V9.54   INT                                                                   08/03/2021 22:13:17 PAGE 1   


C51 COMPILER V9.54, COMPILATION OF MODULE INT
OBJECT MODULE PLACED IN .\Objects\Int.obj
COMPILER INVOKED BY: D:\software\keil5\C51\BIN\C51.EXE Int.c OPTIMIZE(8,SPEED) BROWSE DEBUG OBJECTEXTEND PRINT(.\Listing
                    -s\Int.lst) OBJECT(.\Objects\Int.obj)

line level    source

   1          #include <REGX52.H>
   2          #include "UserDef.H"
   3          #include "Int.H"
   4          
   5          /*******************************************************************************
   6          * 函 数 名              : Int0_Initialization（外部中断0初始化函数）
   7          * 函数功能              : 外部中断初始化
   8          * 输    入              : 无
   9          * 输    出              : 无
  10          *******************************************************************************/
  11          extern void Int0_Initialization(void)
  12          {
  13   1              EA = 1;         //总中断打开
  14   1              EX0 = 1;        //外部中断0打开
  15   1              IT0 = 1;        //0-低电平触发  1-下降沿触发
  16   1              IE0 = 0;        //标志位清零
  17   1      }


MODULE INFORMATION:   STATIC OVERLAYABLE
   CODE SIZE        =      9    ----
   CONSTANT SIZE    =   ----    ----
   XDATA SIZE       =   ----    ----
   PDATA SIZE       =   ----    ----
   DATA SIZE        =   ----    ----
   IDATA SIZE       =   ----    ----
   BIT SIZE         =   ----    ----
END OF MODULE INFORMATION.


C51 COMPILATION COMPLETE.  0 WARNING(S),  0 ERROR(S)
