C51 COMPILER V9.54   MAIN                                                                  08/03/2021 22:13:17 PAGE 1   


C51 COMPILER V9.54, COMPILATION OF MODULE MAIN
OBJECT MODULE PLACED IN .\Objects\main.obj
COMPILER INVOKED BY: D:\software\keil5\C51\BIN\C51.EXE main.c OPTIMIZE(8,SPEED) BROWSE DEBUG OBJECTEXTEND PRINT(.\Listin
                    -gs\main.lst) OBJECT(.\Objects\main.obj)

line level    source

   1          #include <REGX52.H>
   2          #include "UserDef.H"
   3          #include "LCD1602.H"
   4          #include "Infrared.H"
   5          
   6          /*******************************************************************************
   7          * 函 数 名         :  main （主函数）
   8          * 函数功能                 :  主程循环执行
   9          * 输    入         :  无
  10          * 输    出         :  无
  11          *******************************************************************************/
  12          void main(void)
  13          {
  14   1              INT8U Number = 10;
  15   1              Infrared_Initialization();
  16   1              LCD_Initialization();
  17   1              while(1)
  18   1              {
  19   2                      if(Infrared_DataFlag || Infrared_RepeatFlag)
  20   2                      {
  21   3                              if(Infrared_Command == Infrared_PREVIOUS)
  22   3                                      Number--;
  23   3                              if(Infrared_Command == Infrared_NEXT)
  24   3                                      Number++;
  25   3                              Infrared_RepeatFlag = 0;
  26   3                              Infrared_DataFlag = 0;
  27   3                      }
  28   2                      LCD_ShowNumber(1, 1, Infrared_Address);
  29   2                      LCD_ShowNumber(1, 8, Infrared_Command);
  30   2                      LCD_ShowNumber(2, 1, Number);
  31   2              }
  32   1      }


MODULE INFORMATION:   STATIC OVERLAYABLE
   CODE SIZE        =     71    ----
   CONSTANT SIZE    =   ----    ----
   XDATA SIZE       =   ----    ----
   PDATA SIZE       =   ----    ----
   DATA SIZE        =   ----       1
   IDATA SIZE       =   ----    ----
   BIT SIZE         =   ----    ----
END OF MODULE INFORMATION.


C51 COMPILATION COMPLETE.  0 WARNING(S),  0 ERROR(S)
