C51 COMPILER V9.54   TIMER                                                                 08/03/2021 22:13:17 PAGE 1   


C51 COMPILER V9.54, COMPILATION OF MODULE TIMER
OBJECT MODULE PLACED IN .\Objects\Timer.obj
COMPILER INVOKED BY: D:\software\keil5\C51\BIN\C51.EXE Timer.c OPTIMIZE(8,SPEED) BROWSE DEBUG OBJECTEXTEND PRINT(.\Listi
                    -ngs\Timer.lst) OBJECT(.\Objects\Timer.obj)

line level    source

   1          #include <REGX52.H>
   2          #include "UserDef.H"
   3          #include "Timer.H"
   4          
   5          /*******************************************************************************
   6          * 函 数 名         : Timer0_Initialization 定时器初始化函数
   7          * 函数功能                 : 定时器初始化设置（1毫秒@12.000MHz）
   8          * 输    入         : 无
   9          * 输    出         : 无
  10          *******************************************************************************/
  11          extern void Timer0_Initialization(void)
  12          {
  13   1              EA = 1;                 //总中断打开
  14   1              ET0 = 1;                //定时器0打开
  15   1              TMOD &= 0xF0;   //与或赋值
  16   1              TMOD |= 0x01;   //设置定时器模式1
  17   1              TF0 = 0;                //清除TF0标志
  18   1      //      TR0 = 1;                //定时器0开始计时
  19   1      }
  20          
  21          extern void Timer0_Run(void)
  22          {
  23   1              TL0 = 0;                
  24   1              TH0 = 0;
  25   1              TR0 = 1;                //将计数值归零后开始计时
  26   1      }
  27          
  28          extern INT16U Timer0_GetCounter(void)
  29          {
  30   1              INT16U GetCounter;
  31   1              TR0 = 0;                //将定时器停止后获取计数值
  32   1              GetCounter = (TH0 << 8) | TL0;
  33   1              return GetCounter;
  34   1      }


MODULE INFORMATION:   STATIC OVERLAYABLE
   CODE SIZE        =     32    ----
   CONSTANT SIZE    =   ----    ----
   XDATA SIZE       =   ----    ----
   PDATA SIZE       =   ----    ----
   DATA SIZE        =   ----    ----
   IDATA SIZE       =   ----    ----
   BIT SIZE         =   ----    ----
END OF MODULE INFORMATION.


C51 COMPILATION COMPLETE.  0 WARNING(S),  0 ERROR(S)
