C51 COMPILER V9.54   MAIN                                                                  07/23/2021 14:48:43 PAGE 1   


C51 COMPILER V9.54, COMPILATION OF MODULE MAIN
OBJECT MODULE PLACED IN .\Objects\main.obj
COMPILER INVOKED BY: D:\software\keil5\C51\BIN\C51.EXE main.c OPTIMIZE(8,SPEED) BROWSE DEBUG OBJECTEXTEND PRINT(.\Listin
                    -gs\main.lst) OBJECT(.\Objects\main.obj)

line level    source

   1          #include <REGX52.H>
   2          #include "UserDef.H"
   3          #include "Delay.H"
   4          #include "Timer.H"
   5          
   6          sbit Buzzer = P2^4;
   7          
   8          INT8U Music_Seclect, Pitch_Seclect;     //分别用于乐谱指针与频率指针
   9          
  10          INT16U code Pitch[] = 
  11          {       0,      //0表示空拍,此频率表为C调
  12                  63628, 63731, 63835, 63928, 64021, 64103, 64185, 64260, 64331, 64400, 64463, 64528,     //低音
  13                  64580, 64633, 64684, 64732, 64777, 64820, 64860, 64898, 64934, 64968, 65000, 65030,             //中央C
  14                  65058, 65085, 65110, 65134, 65157, 65178, 65198, 65217, 65235, 65252, 65268, 65283              //高音
  15          };
  16          
  17          //播放速度，值为四分音符的时长(ms)
  18          #define Beat_Speed      500
  19          
  20          //音符与索引对应表，P：休止符，L：低音，M：中音，H：高音，下划线：升半音符号#
  21          #define P       0
  22          #define L1      1
  23          #define L1_     2
  24          #define L2      3
  25          #define L2_     4
  26          #define L3      5
  27          #define L4      6
  28          #define L4_     7
  29          #define L5      8
  30          #define L5_     9
  31          #define L6      10
  32          #define L6_     11
  33          #define L7      12
  34          #define M1      13
  35          #define M1_     14
  36          #define M2      15
  37          #define M2_     16
  38          #define M3      17
  39          #define M4      18
  40          #define M4_     19
  41          #define M5      20
  42          #define M5_     21
  43          #define M6      22
  44          #define M6_     23
  45          #define M7      24
  46          #define H1      25
  47          #define H1_     26
  48          #define H2      27
  49          #define H2_     28
  50          #define H3      29
  51          #define H4      30
  52          #define H4_     31
  53          #define H5      32
  54          #define H5_     33
C51 COMPILER V9.54   MAIN                                                                  07/23/2021 14:48:43 PAGE 2   

  55          #define H6      34
  56          #define H6_     35
  57          #define H7      36
  58          
  59          //乐谱
  60          INT8U code Music[] = 
  61          {  
  62                  
  63                  P , 4,                          M3, 2, M3, 2,           M4, 2, M3, 2,           M2, 2, M3, 2,
  64                  L6, 4,                          M2, 2, M1, 2,           L6, 4,                          M1, 4,
  65                  M2, 4,                          M2, 2, M2, 2,           M2, 2, M2, 2,           M1, 2, M2, 2,
  66                  M3, 4,                          M1, 2, L6, 2,           L6, 2, 0xFE, M1, 2,     L6, 2, 0xFE, M1, 2,
  67                  L6, 4,                          M3, 2, M3, 2,           M3, 2, M3, 2,           M2, 2, M1, 2,
  68                  
  69                  M3, 2, 0xFE,            M2, 4, M3, 2,           L6, 4,                          L6, 2, M1, 2,
  70                  M1, 2, 0xFE, L7, 2, L7, 2, L7, 2,               M3, 4,                          M2, 4,
  71                  M1, 4+4+4+4,
  72                  
  73                  0xFF,   //终止标志
  74                  0xFE    //圆滑过度标志
  75          };
  76          
  77          /*******************************************************************************
  78          * 函 数 名         :  main （主函数）
  79          * 函数功能                 :  主程循环执行
  80          * 输    入         :  无
  81          * 输    出         :  无
  82          *******************************************************************************/
  83          void main(void)
  84          {
  85   1              Timer0_Initialization();
  86   1              while(1)
  87   1              {
  88   2                      Pitch_Seclect = Music[Music_Seclect];
  89   2                      Music_Seclect++;
  90   2                      DelayXms( Beat_Speed / 4 * Music[Music_Seclect] - 5);   //选择音符对应的时值
  91   2                      Music_Seclect++;
  92   2                      if(Music[Music_Seclect] != 0xFE)        //关闭中断并延时达到松手效果
  93   2                      {
  94   3                              TR0 = 0;
  95   3                              DelayXms(5);
  96   3                              TR0 = 1;
  97   3                      }
  98   2                      else
  99   2                      {
 100   3                              Music_Seclect++;
 101   3                      }
 102   2                      if(Music[Music_Seclect] == 0xFF)
 103   2                      {
 104   3                              TR0 = 0;
 105   3                              while(1);
 106   3                      }
 107   2              }
 108   1      }
 109          
 110          /*******************************************************************************
 111          * 函 数 名         : Timer_Routine 定时器主函数
 112          * 函数功能                 : 计时器计时一定时间执行内容
 113          * 输    入         : 无
 114          * 输    出         : 无
 115          *******************************************************************************/
 116          void Timer0_Routine() interrupt 1
C51 COMPILER V9.54   MAIN                                                                  07/23/2021 14:48:43 PAGE 3   

 117          {
 118   1              if(Pitch_Seclect != 0)
 119   1              {
 120   2                      TL0 = Pitch[Pitch_Seclect] % 256;
 121   2                      TH0 = Pitch[Pitch_Seclect] / 256;
 122   2                      Buzzer = !Buzzer;
 123   2              }
 124   1      }


MODULE INFORMATION:   STATIC OVERLAYABLE
   CODE SIZE        =    123    ----
   CONSTANT SIZE    =    172    ----
   XDATA SIZE       =   ----    ----
   PDATA SIZE       =   ----    ----
   DATA SIZE        =      2    ----
   IDATA SIZE       =   ----    ----
   BIT SIZE         =   ----    ----
END OF MODULE INFORMATION.


C51 COMPILATION COMPLETE.  0 WARNING(S),  0 ERROR(S)
