C51 COMPILER V9.54   LCD1602                                                               09/07/2021 17:53:42 PAGE 1   


C51 COMPILER V9.54, COMPILATION OF MODULE LCD1602
OBJECT MODULE PLACED IN .\Objects\LCD1602.obj
COMPILER INVOKED BY: D:\software\keil5\C51\BIN\C51.EXE LCD1602.c OPTIMIZE(8,SPEED) BROWSE DEBUG OBJECTEXTEND PRINT(.\Lis
                    -tings\LCD1602.lst) OBJECT(.\Objects\LCD1602.obj)

line level    source

   1          #include <REGX52.H>
   2          #include "UserDef.H"
   3          #include "LCD1602.H"
   4          #include "Delay.H"
   5          
   6          //void DelayXms(INT16U xms)     
   7          //{
   8          //      INT8U  i, j; 
   9          //      while(--xms)
  10          //      {
  11          //      i = 2;
  12          //      j = 238;
  13          //              do
  14          //              {
  15          //                      while (--j);
  16          //              } 
  17          //              while (--i);
  18          //      }
  19          //}
  20          
  21          /*******************************************************************************
  22          * 函 数 名         : LCD_WriteCommand （LCD1602写命令函数）
  23          * 函数功能                 : 为LCD写入命令
  24          * 输    入         : LCD_Command （输入命令）
  25          * 输    出         : 无
  26          *******************************************************************************/
  27          static void LCD_WriteCommand(INT8U LCD_Command)  
  28          { 
  29   1           LCD_RS = 0;
  30   1           LCD_RW = 0;
  31   1           LCD_DataPort = LCD_Command;
  32   1           LCD_E = 1;
  33   1           DelayXms(3);
  34   1           LCD_E = 0;
  35   1      }
  36          
  37          /*******************************************************************************
  38          * 函 数 名         : LCD_WriteData （LCD1602写数据函数）
  39          * 函数功能                 : 为LCD写入数据
  40          * 输    入         : LCD_Data （输入数据）
  41          * 输    出         : 无
  42          *******************************************************************************/
  43          static void LCD_WriteData(INT8U LCD_Data)  
  44          { 
  45   1           LCD_RS = 1;
  46   1           LCD_RW = 0;
  47   1           LCD_DataPort = LCD_Data;
  48   1           LCD_E = 1;
  49   1           DelayXms(3);
  50   1           LCD_E = 0;
  51   1      }
  52          
  53          /*******************************************************************************
  54          * 函 数 名         : LCD_Initialization （LCD1602初始化函数）
C51 COMPILER V9.54   LCD1602                                                               09/07/2021 17:53:42 PAGE 2   

  55          * 函数功能                 : 液晶显示屏是初始化设置
  56          * 输    入         : 无
  57          * 输    出         : 无
  58          *******************************************************************************/
  59          extern void LCD_Initialization()   
  60          {
  61   1          LCD_WriteCommand(0x01);        //清屏
  62   1          LCD_WriteCommand(0x38);        //设置显示两行、每个字符为5*7点阵、数据线为8根
  63   1              LCD_WriteCommand(0x06);    //输入后地址指针右移
  64   1              LCD_WriteCommand(0x0c);    //显示打开、光标关闭
  65   1      }
  66          
  67          /*******************************************************************************
  68          * 函 数 名         : LCD_site （LCD确认显示位置函数）
  69          * 函数功能                 : 输入坐标确认显示位置
  70          * 输    入         : Line（显示横坐标，范围：1～2）
  71                                                   Cloumn（显示纵坐标，范围：1～16）
  72          * 输    出         : 无
  73          *******************************************************************************/
  74          static void LCD_site(INT8U Line,INT8U Column)
  75          {
  76   1              if(Line == 1)
  77   1              {
  78   2                      LCD_WriteCommand(0x80 + (Column - 1));
  79   2              }
  80   1              if(Line == 2)
  81   1              {
  82   2                      LCD_WriteCommand((0x80 + 0x40) + (Column - 1));
  83   2              }
  84   1      }
  85          
  86          /*******************************************************************************
  87          * 函 数 名         : LCD_ShowString （LCD显示字符串函数）
  88          * 函数功能                 : 在输入显示位置开始显示字符串
  89          * 输    入         : Line（显示横坐标，范围：1～2）
  90                                                   Cloumn（显示纵坐标，范围：1～16）
  91                                                   String（显示字符串）
  92          * 输    出         : 无
  93          *******************************************************************************/
  94          extern void LCD_ShowString(INT8U Line,INT8U Column,INT8S String[])
  95          {
  96   1              INT8U i;
  97   1              LCD_site(Line,Column);
  98   1              for(i=0; String[i] != '\0'; i++)
  99   1              {
 100   2                      LCD_WriteData(String[i]);
 101   2              }
 102   1      }
 103          
 104          /*******************************************************************************
 105          * 函 数 名         : LCD_ShowNumber （LCD显示数字函数）
 106          * 函数功能                 : 在输入显示位置显示数字
 107          * 输    入         : Line（显示横坐标，范围：1～2）
 108                                                   Cloumn（显示纵坐标，范围：1～16）
 109                                                   Number（显示数字，范围：1~65535）
 110                                                   Length(显示长度，范围为1~5)
 111          * 输    出         : 无
 112          *******************************************************************************/
 113          extern void LCD_ShowNumber(INT8U Line,INT8U Column,INT16U Number, INT8U Length)
 114          {
 115   1              INT8U i, LCD_Number[4];
 116   1              
C51 COMPILER V9.54   LCD1602                                                               09/07/2021 17:53:42 PAGE 3   

 117   1              LCD_site(Line,Column);
 118   1              
 119   1              LCD_Number[4] = Number / 10000;                 //用于存放万位
 120   1              LCD_Number[3] = (Number % 10000) / 1000;                //用于存放千位
 121   1              LCD_Number[2] = (Number % 1000) / 100;                  //用于存放百位
 122   1              LCD_Number[1] = (Number % 100) / 10;                    //用于存放十位
 123   1              LCD_Number[0] = Number % 10;                                    //用于存放个位
 124   1      
 125   1              for(i = Length; i > 0; i--)
 126   1              {
 127   2                      LCD_WriteData('0' + LCD_Number[i - 1]);
 128   2              }
 129   1      }
 130          
 131          /*******************************************************************************
 132          * 函 数 名         : LCD_ShowChar （LCD显示字符函数）
 133          * 函数功能                 : 在输入显示位置显示字符
 134          * 输    入         : Line（显示横坐标，范围：1～2）
 135                                                   Cloumn（显示纵坐标，范围：1～16）
 136                                                   LCD_Char（显示字符）
 137          * 输    出         : 无
 138          *******************************************************************************/
 139          extern void LCD_ShowChar(INT8U Line,INT8U Column,INT8U LCD_Char)
 140          {
 141   1              LCD_site(Line,Column);
 142   1              LCD_WriteData(LCD_Char);
 143   1      }
 144          
 145          /*******************************************************************************
 146          * 函 数 名              : LCD_ShowSignedNumber
 147          * 函数功能              : LCD显示有符号整形
 148          * 输    入              : Line（显示横坐标，范围：1～2）
 149                                            Cloumn（显示纵坐标，范围：1～16）
 150                                            SignedNumber（显示数字，范围：-32768~32767）
 151                                            Length（显示长度，范围：-32768~32767）
 152          * 输    出              : 无
 153          *******************************************************************************/
 154          extern void LCD_ShowSignedNumber(INT8U Line, INT8U Column, INT16S SignedNumber, INT8U Length)
 155          {
 156   1              INT8U i, LCD_ShowNumber[4];
 157   1              
 158   1              LCD_site(Line,Column);
 159   1              
 160   1              if(SignedNumber < 0)
 161   1              {
 162   2                      LCD_ShowChar(2, 2, '-');
 163   2                      SignedNumber = -SignedNumber;
 164   2              }
 165   1              
 166   1              LCD_ShowNumber[4] = SignedNumber / 10000;                       //用于存放万位
 167   1              LCD_ShowNumber[3] = (SignedNumber % 10000) / 1000;                      //用于存放千位
 168   1              LCD_ShowNumber[2] = (SignedNumber % 1000) / 100;                        //用于存放百位
 169   1              LCD_ShowNumber[1] = (SignedNumber % 100) / 10;                          //用于存放十位
 170   1              LCD_ShowNumber[0] = SignedNumber % 10;                                          //用于存放个位
 171   1              
 172   1              for(i = Length; i > 0; i--)
 173   1              {
 174   2                      LCD_WriteData('0' + LCD_ShowNumber[i - 1]);
 175   2              }
 176   1      }


C51 COMPILER V9.54   LCD1602                                                               09/07/2021 17:53:42 PAGE 4   

MODULE INFORMATION:   STATIC OVERLAYABLE
   CODE SIZE        =    440    ----
   CONSTANT SIZE    =   ----    ----
   XDATA SIZE       =   ----    ----
   PDATA SIZE       =   ----    ----
   DATA SIZE        =   ----      27
   IDATA SIZE       =   ----    ----
   BIT SIZE         =   ----    ----
END OF MODULE INFORMATION.


C51 COMPILATION COMPLETE.  0 WARNING(S),  0 ERROR(S)
