C51 COMPILER V9.54   MAIN                                                                  09/07/2021 17:53:41 PAGE 1   


C51 COMPILER V9.54, COMPILATION OF MODULE MAIN
OBJECT MODULE PLACED IN .\Objects\main.obj
COMPILER INVOKED BY: D:\software\keil5\C51\BIN\C51.EXE main.c OPTIMIZE(8,SPEED) BROWSE DEBUG OBJECTEXTEND PRINT(.\Listin
                    -gs\main.lst) OBJECT(.\Objects\main.obj)

line level    source

   1          /*******************************************************************************
   2          实现功能 ：     LCD1602液晶显示器，可以显示字符数字等内容
   3          
   4          引脚定义 ：     LCD_RS  →      P2^6
   5                                  LCD_RW  →      P2^5                              
   6                                  LCD_E   →      P2^7
   7                                  LCD_DataPort    →      P0
   8          *******************************************************************************/
   9          
  10          #include <REGX52.H>
  11          #include "UserDef.H"
  12          #include "LCD1602.H"                    
  13          
  14          /*******************************************************************************
  15          * 函 数 名         :  main主函数
  16          * 函数功能                 :  执行初始化函数与循环函数 
  17          * 输    入         :  无
  18          * 输    出         :  无
  19          *******************************************************************************/
  20          void main(void)
  21          {
  22   1              LCD_Initialization();
  23   1              while(1)
  24   1              {
  25   2                      LCD_ShowString(1, 10, "LCK SB");
  26   2                      LCD_ShowNumber(1, 1, 9, 3);
  27   2                      LCD_ShowChar(2, 1, '+');
  28   2              }
  29   1      }


MODULE INFORMATION:   STATIC OVERLAYABLE
   CODE SIZE        =     41    ----
   CONSTANT SIZE    =      7    ----
   XDATA SIZE       =   ----    ----
   PDATA SIZE       =   ----    ----
   DATA SIZE        =   ----    ----
   IDATA SIZE       =   ----    ----
   BIT SIZE         =   ----    ----
END OF MODULE INFORMATION.


C51 COMPILATION COMPLETE.  0 WARNING(S),  0 ERROR(S)
