C51 COMPILER V9.54   138SHOWLEDSITE                                                        08/21/2021 13:38:46 PAGE 1   


C51 COMPILER V9.54, COMPILATION OF MODULE 138SHOWLEDSITE
OBJECT MODULE PLACED IN .\Objects\138showLEDsite.obj
COMPILER INVOKED BY: D:\software\keil5\C51\BIN\C51.EXE 138showLEDsite.c OPTIMIZE(8,SPEED) BROWSE DEBUG OBJECTEXTEND PRIN
                    -T(.\Listings\138showLEDsite.lst) OBJECT(.\Objects\138showLEDsite.obj)

line level    source

   1          #include <REGX52.H>
   2          #include "UserDef.H"
   3          #include "138showLEDsite.H"
   4          #include "Delay.H"
   5          
   6          INT8U NixieTable[]={0x3f,0x06,0x5b,0x4f,0x66,0x6d,0x7d,0x07,0x7f,0x6f}; //分别为0~9的段代码
   7          
   8          /*******************************************************************************
   9          * 函 数 名              : 
  10          * 函数功能              : 
  11          * 输    入              : Show_site(输入显示位置 范围1~8)
  12          * 输    出              : 
  13          *******************************************************************************/
  14          static void _74HC138_ShowChar(INT8U Show_site, Show_Char)
  15          {
  16   1              _138_A = (Show_site - 1) % 2;                   //Show_site转换为二进制分别给ABC赋值，确认显示位置
  17   1              _138_B = ((Show_site - 1) / 2) % 2;
  18   1              _138_C = ((Show_site - 1) / 2) / 2;
  19   1              
  20   1              if(Show_Char == '-')
  21   1                      Nixie = 0x40;           //为负号的段代码
  22   1              else
  23   1                      Nixie = NixieTable[Show_Char];
  24   1              
  25   1              DelayXms(2);
  26   1              Nixie = 0x00;  //延时消隐
  27   1      }
  28          
  29          extern void _74HC138_ShowNumber(INT8U Show_site, INT16U Show_Number)
  30          {
  31   1              INT8U Hundred, Ten, One;
  32   1              Hundred = Show_Number / 100;    //分别提取出个十百位数字
  33   1              Ten = (Show_Number % 100) / 10;
  34   1              One = Show_Number % 10;
  35   1              
  36   1              _74HC138_ShowChar(Show_site, Hundred);
  37   1              _74HC138_ShowChar(Show_site + 1, Ten);
  38   1              _74HC138_ShowChar(Show_site + 2, One);
  39   1      }
  40          
  41          //显示两位有符号的数字
  42          //要求：输入显示位置  和显示数字就可以显示
  43          //如果是负数，那么前面需要显示负号
  44          extern void _74HC138_ShowSignedNumber(INT8U Show_site, INT8S Show_Number)
  45          {
  46   1              INT8U Ten, One;
  47   1              if(Show_Number < 0)
  48   1              {
  49   2                      Show_Number = -Show_Number;
  50   2                      
  51   2                      Ten = Show_Number / 10;
  52   2                      One = Show_Number % 10;
  53   2                      
  54   2                      _74HC138_ShowChar(Show_site, '-');
C51 COMPILER V9.54   138SHOWLEDSITE                                                        08/21/2021 13:38:46 PAGE 2   

  55   2                      _74HC138_ShowChar(Show_site + 1, Ten);
  56   2                      _74HC138_ShowChar(Show_site + 2, One);
  57   2              }
  58   1              else
  59   1              {
  60   2                      Ten = Show_Number / 10;
  61   2                      One = Show_Number % 10;
  62   2                      
  63   2                      _74HC138_ShowChar(Show_site, Ten);
  64   2                      _74HC138_ShowChar(Show_site + 1, One);
  65   2              }
  66   1      }


MODULE INFORMATION:   STATIC OVERLAYABLE
   CODE SIZE        =    261    ----
   CONSTANT SIZE    =   ----    ----
   XDATA SIZE       =   ----    ----
   PDATA SIZE       =   ----    ----
   DATA SIZE        =     10      10
   IDATA SIZE       =   ----    ----
   BIT SIZE         =   ----    ----
END OF MODULE INFORMATION.


C51 COMPILATION COMPLETE.  0 WARNING(S),  0 ERROR(S)
