C51 COMPILER V9.54   MAIN                                                                  08/31/2021 21:00:32 PAGE 1   


C51 COMPILER V9.54, COMPILATION OF MODULE MAIN
OBJECT MODULE PLACED IN .\Objects\main.obj
COMPILER INVOKED BY: D:\software\keil5\C51\BIN\C51.EXE main.c OPTIMIZE(8,SPEED) BROWSE DEBUG OBJECTEXTEND PRINT(.\Listin
                    -gs\main.lst) OBJECT(.\Objects\main.obj)

line level    source

   1          #include <REGX52.H>
   2          #include "UserDef.H"
   3          #include "Delay.H"
   4          #include "74HC595.H"
   5          #include "Timer.H"
   6                  
   7          INT8U LED_duan1[] = {   0xFF,0xFF,0xF0,0xF7,0xF6,0xD5,0xE7,0xF7,0xF7,0xE7,0xD5,0xF6,0xF7,0xF0,0xFF,0xFF,
   8                                                          0xFF,0xFF,0x07,0xF7,0xF3,0xB7,0xD7,0xB7,0xB7,0xD7,0xB7,0xF3,0xF7,0x07,0xFF,0xFF
   9                                                  };
  10          INT8U LED_duan2[] = {   0xFF,0xFF,0xF0,0xF7,0xF6,0xD5,0xE7,0xF7,0xF7,0xE7,0xD5,0xF6,0xF7,0xF0,0xFF,0xFF,
  11                                                          0xFF,0xFF,0x07,0xF7,0xF3,0xF7,0xB7,0xD7,0xD7,0xB7,0xF7,0xF3,0xF7,0x07,0xFF,0xFF
  12                                                  };
  13                                          
  14          /*******************************************************************************
  15          * 函 数 名         :  main （主函数）
  16          * 函数功能                 :  矩阵LED滚动显示
  17          * 输    入         :  无
  18          * 输    出         :  无
  19          *******************************************************************************/
  20          void main(void)
  21          {
  22   1              INT8U i = 1 , mode = 1, count;
  23   1              _74HC595_Initialization();
  24   1              while(1)
  25   1              {
  26   2                      if(mode == 1)
  27   2                      {
  28   3                              for(i = 1; i <= 16; i++)
  29   3                              {
  30   4                                      MatrixLED(i, LED_duan1[i - 1], LED_duan1[i + 15]);
  31   4                              }
  32   3                      }
  33   2                      else
  34   2                      {
  35   3                              for(i = 1; i <= 16; i++)
  36   3                              {
  37   4                                      MatrixLED(i, LED_duan2[i - 1], LED_duan2[i + 15]);
  38   4                              }
  39   3                      }
  40   2                      
  41   2                      count++;
  42   2                      if(count > 20)
  43   2                      {
  44   3                              count = 0;
  45   3                              mode++;
  46   3                              if(mode > 2)
  47   3                                      mode = 1;
  48   3                      }
  49   2              }
  50   1      }


MODULE INFORMATION:   STATIC OVERLAYABLE
   CODE SIZE        =    113    ----
C51 COMPILER V9.54   MAIN                                                                  08/31/2021 21:00:32 PAGE 2   

   CONSTANT SIZE    =   ----    ----
   XDATA SIZE       =   ----    ----
   PDATA SIZE       =   ----    ----
   DATA SIZE        =     64       3
   IDATA SIZE       =   ----    ----
   BIT SIZE         =   ----    ----
END OF MODULE INFORMATION.


C51 COMPILATION COMPLETE.  0 WARNING(S),  0 ERROR(S)
