C51 COMPILER V9.54   DELAY                                                                 07/24/2021 20:57:26 PAGE 1   


C51 COMPILER V9.54, COMPILATION OF MODULE DELAY
OBJECT MODULE PLACED IN .\Objects\Delay.obj
COMPILER INVOKED BY: D:\software\keil5\C51\BIN\C51.EXE Delay.c OPTIMIZE(8,SPEED) BROWSE DEBUG OBJECTEXTEND PRINT(.\Listi
                    -ngs\Delay.lst) OBJECT(.\Objects\Delay.obj)

line level    source

   1          #include <REGX52.H>
   2          #include "UserDef.H"
   3          #include "Delay.h"
   4          
   5          ///*******************************************************************************
   6          //* 函 数 名         :  DelayXms 
   7          //* 函数功能             :  延时Xms        晶振为12MHz 
   8          //* 输    入         :  xms（延时毫秒数）
   9          //* 输    出         :  无
  10          //*******************************************************************************/
  11          //void DelayXms(INT16U xms)     
  12          //{
  13          //      INT8U  i, j; 
  14          //      while(--xms)
  15          //      {
  16          //      i = 2;
  17          //      j = 238;
  18          //              do
  19          //              {
  20          //                      while (--j);
  21          //              } 
  22          //              while (--i);
  23          //      }
  24          //}
  25          
  26          /*******************************************************************************
  27          * 函 数 名         :  DelayXms 
  28          * 函数功能                 :  延时xms      晶振为11.0592MHz
  29          * 输    入         :  xms（延时毫秒数）
  30          * 输    出         :  无
  31          *******************************************************************************/
  32          extern void DelayXms(INT16U xms)        
  33          {
  34   1              INT8U i, j; 
  35   1              while(--xms)
  36   1              {
  37   2                      i = 2;
  38   2                      j = 198;
  39   2                      do
  40   2                      {
  41   3                              while (--j);
  42   3                      } 
  43   2                      while (--i);
  44   2              }
  45   1      }


MODULE INFORMATION:   STATIC OVERLAYABLE
   CODE SIZE        =     20    ----
   CONSTANT SIZE    =   ----    ----
   XDATA SIZE       =   ----    ----
   PDATA SIZE       =   ----    ----
   DATA SIZE        =   ----    ----
   IDATA SIZE       =   ----    ----
C51 COMPILER V9.54   DELAY                                                                 07/24/2021 20:57:26 PAGE 2   

   BIT SIZE         =   ----    ----
END OF MODULE INFORMATION.


C51 COMPILATION COMPLETE.  0 WARNING(S),  0 ERROR(S)
