C51 COMPILER V9.54   BUZEER                                                                09/29/2021 15:03:21 PAGE 1   


C51 COMPILER V9.54, COMPILATION OF MODULE BUZEER
OBJECT MODULE PLACED IN .\Objects\Buzeer.obj
COMPILER INVOKED BY: D:\software\keil5\C51\BIN\C51.EXE Buzeer.c OPTIMIZE(8,SPEED) BROWSE DEBUG OBJECTEXTEND PRINT(.\List
                    -ings\Buzeer.lst) OBJECT(.\Objects\Buzeer.obj)

line level    source

   1          #include <REGX52.H>
   2          #include "UserDef.H"
   3          #include "Buzzer.H"
   4          #include "Delay.H"
   5          
   6          extern void Buzzer_Ring(INT16U Time_ms)
   7          {       
   8   1              Buzzer = 0;                     //·äÃùÆ÷Ïì
   9   1              
  10   1              DelayXms(Time_ms);
  11   1              
  12   1              Buzzer = 1;                     //·äÃùÆ÷¹Ø±Õ
  13   1      }


MODULE INFORMATION:   STATIC OVERLAYABLE
   CODE SIZE        =      8    ----
   CONSTANT SIZE    =   ----    ----
   XDATA SIZE       =   ----    ----
   PDATA SIZE       =   ----    ----
   DATA SIZE        =   ----    ----
   IDATA SIZE       =   ----    ----
   BIT SIZE         =   ----    ----
END OF MODULE INFORMATION.


C51 COMPILATION COMPLETE.  0 WARNING(S),  0 ERROR(S)
