C51 COMPILER V9.54   MAIN                                                                  09/29/2021 15:03:20 PAGE 1   


C51 COMPILER V9.54, COMPILATION OF MODULE MAIN
OBJECT MODULE PLACED IN .\Objects\main.obj
COMPILER INVOKED BY: D:\software\keil5\C51\BIN\C51.EXE main.c OPTIMIZE(8,SPEED) BROWSE DEBUG OBJECTEXTEND PRINT(.\Listin
                    -gs\main.lst) OBJECT(.\Objects\main.obj)

line level    source

   1          #include <REGX52.H>
   2          #include "UserDef.H"
   3          #include "Buzzer.H"
   4          
   5          /*******************************************************************************
   6          * 函 数 名         :  main （主函数）
   7          * 函数功能                 :  主程循环执行
   8          * 输    入         :  无
   9          * 输    出         :  无
  10          *******************************************************************************/
  11          void main(void)
  12          {
  13   1              
  14   1              Buzzer_Ring(2000);
  15   1              
  16   1              while(1)
  17   1              {
  18   2                      
  19   2              }
  20   1              
  21   1      }


MODULE INFORMATION:   STATIC OVERLAYABLE
   CODE SIZE        =      9    ----
   CONSTANT SIZE    =   ----    ----
   XDATA SIZE       =   ----    ----
   PDATA SIZE       =   ----    ----
   DATA SIZE        =   ----    ----
   IDATA SIZE       =   ----    ----
   BIT SIZE         =   ----    ----
END OF MODULE INFORMATION.


C51 COMPILATION COMPLETE.  0 WARNING(S),  0 ERROR(S)
