C51 COMPILER V9.54   BUZZER                                                                08/21/2021 13:04:54 PAGE 1   


C51 COMPILER V9.54, COMPILATION OF MODULE BUZZER
OBJECT MODULE PLACED IN .\Objects\Buzzer.obj
COMPILER INVOKED BY: D:\software\keil5\C51\BIN\C51.EXE Buzzer.c OPTIMIZE(8,SPEED) BROWSE DEBUG OBJECTEXTEND PRINT(.\List
                    -ings\Buzzer.lst) OBJECT(.\Objects\Buzzer.obj)

line level    source

   1          #include <REGX52.H>
   2          #include <INTRINS.H>
   3          #include "UserDef.H"
   4          #include "Buzzer.H"
   5          
   6          /*******************************************************************************
   7          * 函 数 名              : Buzzer_Delay500us 蜂鸣器独有延时函数
   8          * 函数功能              : 12MHz晶振，延时500us  为了延时取反达成1000HZ的频率
   9          * 输    入              : 无
  10          * 输    出              : 无
  11          *******************************************************************************/
  12          static void Buzzer_Delay500us() 
  13          {
  14   1              INT8U i;
  15   1      
  16   1              _nop_();
  17   1              i = 247;
  18   1              while (--i);
  19   1      }
  20          
  21          /*******************************************************************************
  22          * 函 数 名              : 
  23          * 函数功能              : 
  24          * 输    入              : 
  25          * 输    出              : 
  26          *******************************************************************************/
  27          extern void Buzzer_Time(INT16U time)
  28          {
  29   1              INT16U i;
  30   1              for(i = 0; i < time*2; i++)   //0.5ms记一次，并取反，一次完整的周期就是1ms
  31   1              {
  32   2                      Buzzer = !Buzzer;
  33   2                      Buzzer_Delay500us();
  34   2              }
  35   1      }


MODULE INFORMATION:   STATIC OVERLAYABLE
   CODE SIZE        =     40    ----
   CONSTANT SIZE    =   ----    ----
   XDATA SIZE       =   ----    ----
   PDATA SIZE       =   ----    ----
   DATA SIZE        =   ----    ----
   IDATA SIZE       =   ----    ----
   BIT SIZE         =   ----    ----
END OF MODULE INFORMATION.


C51 COMPILATION COMPLETE.  0 WARNING(S),  0 ERROR(S)
