C51 COMPILER V9.54   LCD1602                                                               08/21/2021 13:04:54 PAGE 1   


C51 COMPILER V9.54, COMPILATION OF MODULE LCD1602
OBJECT MODULE PLACED IN .\Objects\LCD1602.obj
COMPILER INVOKED BY: D:\software\keil5\C51\BIN\C51.EXE LCD1602.c OPTIMIZE(8,SPEED) BROWSE DEBUG OBJECTEXTEND PRINT(.\Lis
                    -tings\LCD1602.lst) OBJECT(.\Objects\LCD1602.obj)

line level    source

   1          #include <REGX52.H>
   2          #include "UserDef.H"
   3          #include "LCD1602.H"
   4          #include "Delay.H"
   5          
   6          /*******************************************************************************
   7          * 函 数 名         : LCD_WriteCommand （LCD1602写命令函数）
   8          * 函数功能                 : 为LCD写入命令
   9          * 输    入         : LCD_Command （输入命令）
  10          * 输    出         : 无
  11          *******************************************************************************/
  12          static void LCD_WriteCommand(INT8U LCD_Command)  
  13          { 
  14   1           LCD_RS = 0;
  15   1           LCD_RW = 0;
  16   1           LCD_DataPort = LCD_Command;
  17   1           DelayXms(5);
  18   1           LCD_E = 1;
  19   1           DelayXms(5);
  20   1           LCD_E = 0;
  21   1      }
  22          
  23          /*******************************************************************************
  24          * 函 数 名         : LCD_WriteData （LCD1602写数据函数）
  25          * 函数功能                 : 为LCD写入数据
  26          * 输    入         : LCD_Data （输入数据）
  27          * 输    出         : 无
  28          *******************************************************************************/
  29          static void LCD_WriteData(INT8U LCD_Data)  
  30          { 
  31   1           LCD_RS = 1;
  32   1           LCD_RW = 0;
  33   1           LCD_DataPort = LCD_Data;
  34   1           DelayXms(5);
  35   1           LCD_E = 1;
  36   1           DelayXms(5);
  37   1           LCD_E = 0;
  38   1      }
  39          
  40          /*******************************************************************************
  41          * 函 数 名         : LCD_Initialization （LCD1602初始化函数）
  42          * 函数功能                 : 液晶显示屏是初始化设置
  43          * 输    入         : 无
  44          * 输    出         : 无
  45          *******************************************************************************/
  46          extern void LCD_Initialization()   
  47          {
  48   1          LCD_WriteCommand(0x01);        //清屏
  49   1          LCD_WriteCommand(0x38);        //设置显示两行、每个字符为5*7点阵、数据线为8根
  50   1              LCD_WriteCommand(0x06);    //输入后地址指针右移
  51   1              LCD_WriteCommand(0x0c);    //显示打开、光标关闭
  52   1      }
  53          
  54          /*******************************************************************************
C51 COMPILER V9.54   LCD1602                                                               08/21/2021 13:04:54 PAGE 2   

  55          * 函 数 名         : LCD_site （LCD确认显示位置函数）
  56          * 函数功能                 : 输入坐标确认显示位置
  57          * 输    入         : Line（显示横坐标，范围：1～2）
  58                                                   Cloumn（显示纵坐标，范围：1～16）
  59          * 输    出         : 无
  60          *******************************************************************************/
  61          static void LCD_site(INT8U Line,INT8U Column)
  62          {
  63   1              if(Line == 1)
  64   1              {
  65   2                      LCD_WriteCommand(0x80 + (Column - 1));
  66   2              }
  67   1              if(Line == 2)
  68   1              {
  69   2                      LCD_WriteCommand((0x80 + 0x40) + (Column - 1));
  70   2              }
  71   1      }
  72          
  73          /*******************************************************************************
  74          * 函 数 名         : LCD_ShowString （LCD显示字符串函数）
  75          * 函数功能                 : 在输入显示位置开始显示字符串
  76          * 输    入         : Line（显示横坐标，范围：1～2）
  77                                                   Cloumn（显示纵坐标，范围：1～16）
  78                                                   String（显示字符串）
  79          * 输    出         : 无
  80          *******************************************************************************/
  81          extern void LCD_ShowString(INT8U Line,INT8U Column,INT8S String[])
  82          {
  83   1              INT8U i;
  84   1              LCD_site(Line,Column);
  85   1              for(i=0; String[i] != '\0'; i++)
  86   1              {
  87   2                      LCD_WriteData(String[i]);
  88   2              }
  89   1      }
  90          
  91          /*******************************************************************************
  92          * 函 数 名         : LCD_ShowNumber （LCD显示数字函数）
  93          * 函数功能                 : 在输入显示位置显示数字
  94          * 输    入         : Line（显示横坐标，范围：1～2）
  95                                                   Cloumn（显示纵坐标，范围：1～16）
  96                                                   Number（显示数字，范围：1~65535）
  97          * 输    出         : 无
  98          *******************************************************************************/
  99          extern void LCD_ShowNumber(INT8U Line,INT8U Column,INT16U Number)
 100          {
 101   1              INT8U x, LCD_Number[4];
 102   1              LCD_site(Line,Column);
 103   1              
 104   1              LCD_Number[0] = Number / 10000;                 //用于存放万位
 105   1              LCD_Number[1] = (Number % 10000) / 1000;                //用于存放千位
 106   1              LCD_Number[2] = (Number % 1000) / 100;                  //用于存放百位
 107   1              LCD_Number[3] = (Number % 100) / 10;                    //用于存放十位
 108   1              LCD_Number[4] = Number % 10;                                    //用于存放个位
 109   1      
 110   1              for(x = 0; x <= 2; x++)
 111   1              {
 112   2                      if(LCD_Number[x] != 0)
 113   2                              break;
 114   2              }
 115   1              for( ; x <= 4; x++)
 116   1              {
C51 COMPILER V9.54   LCD1602                                                               08/21/2021 13:04:54 PAGE 3   

 117   2                      LCD_WriteData('0' + LCD_Number[x]);
 118   2              }
 119   1      }
 120          
 121          /*******************************************************************************
 122          * 函 数 名         : LCD_ShowNumber （LCD显示数字函数）
 123          * 函数功能                 : 在输入显示位置显示数字
 124          * 输    入         : Line（显示横坐标，范围：1～2）
 125                                                   Cloumn（显示纵坐标，范围：1～16）
 126                                                   Number（显示数字，范围：1~65535）
 127          * 输    出         : 无
 128          *******************************************************************************/
 129          extern void LCD_ShowChar(INT8U Line,INT8U Column,INT8U LCD_Char)
 130          {
 131   1              LCD_site(Line,Column);
 132   1              LCD_WriteData(LCD_Char);
 133   1      }


MODULE INFORMATION:   STATIC OVERLAYABLE
   CODE SIZE        =    302    ----
   CONSTANT SIZE    =   ----    ----
   XDATA SIZE       =   ----    ----
   PDATA SIZE       =   ----    ----
   DATA SIZE        =   ----      14
   IDATA SIZE       =   ----    ----
   BIT SIZE         =   ----    ----
END OF MODULE INFORMATION.


C51 COMPILATION COMPLETE.  0 WARNING(S),  0 ERROR(S)
