C51 COMPILER V9.54   MAIN                                                                  10/15/2021 01:17:55 PAGE 1   


C51 COMPILER V9.54, COMPILATION OF MODULE MAIN
OBJECT MODULE PLACED IN .\Objects\main.obj
COMPILER INVOKED BY: D:\software\keil5\C51\BIN\C51.EXE main.c OPTIMIZE(8,SPEED) BROWSE DEBUG OBJECTEXTEND PRINT(.\Listin
                    -gs\main.lst) OBJECT(.\Objects\main.obj)

line level    source

   1          #include <REGX52.H>
   2          #include "UserDef.H"
   3          #include "Uart.H"
   4          #include "Oled.H"
   5          #include "Timer.H"
   6          
   7          sbit Motor = P2^2;              
   8          INT8U Compare = 7;              //7-90  27 -90
   9          
  10          /*******************************************************************************
  11          * 函 数 名         :  main函数
  12          * 函数功能                 :  主程循环执行
  13          * 输    入         :  无
  14          * 输    出         :  无
  15          *******************************************************************************/
  16          void main(void)
  17          {
  18   1              Oled_Initialization();
  19   1              Oled_Clear();
  20   1              Uart_Initialization();
  21   1              Timer0_Initialization();
  22   1              Oled_ShowString(0, 2, "Hello World !!! ", MediumSize);
  23   1              while(1)
  24   1              {
  25   2                      
  26   2              }
  27   1      }
  28          
  29          /*******************************************************************************
  30          * 函 数 名         : Timer_Routine 定时器主函数
  31          * 函数功能                 : 计时器计时一定时间执行内容
  32          * 输    入         : 无
  33          * 输    出         : 无
  34          *******************************************************************************/
  35          void Timer0_Routine() interrupt 1
  36          {
  37   1              static INT8U count;
  38   1              TL0 = 0x9C;             //重置定时初始值100微秒 
  39   1              TH0 = 0xFF;
  40   1          count++;
  41   1              count %= 200;   //实现超过100归零  可以取代if判断  一个PWM的周期为200*0.1ms即20ms
  42   1              if(count < Compare)
  43   1                      Motor = 1;
  44   1              else
  45   1                      Motor = 0;
  46   1      }
  47          
  48          /*******************************************************************************
  49          * 函 数 名              : Uart_Routine 串口中断函数
  50          * 函数功能              : 发送完或接收到数据时执行相应操作
  51          * 输    入              : 无
  52          * 输    出              : 无
  53          *******************************************************************************/
  54          void Uart_Routine() interrupt 4
C51 COMPILER V9.54   MAIN                                                                  10/15/2021 01:17:55 PAGE 2   

  55          {
  56   1              if(TI == 1)
  57   1              {
  58   2                      TI = 0;
  59   2              }
  60   1              if(RI == 1)
  61   1              {
  62   2                      RI = 0;
  63   2                      Uart_SendByte(SBUF);
  64   2                      if(SBUF == 'A')
  65   2                              Compare = 15;
  66   2                      if(SBUF == 'B')
  67   2                              Compare = 11;
  68   2              }
  69   1      }


MODULE INFORMATION:   STATIC OVERLAYABLE
   CODE SIZE        =    161    ----
   CONSTANT SIZE    =     17    ----
   XDATA SIZE       =   ----    ----
   PDATA SIZE       =   ----    ----
   DATA SIZE        =      2    ----
   IDATA SIZE       =   ----    ----
   BIT SIZE         =   ----    ----
END OF MODULE INFORMATION.


C51 COMPILATION COMPLETE.  0 WARNING(S),  0 ERROR(S)
