C51 COMPILER V9.54   UART                                                                  10/16/2021 01:15:28 PAGE 1   


C51 COMPILER V9.54, COMPILATION OF MODULE UART
OBJECT MODULE PLACED IN .\Objects\Uart.obj
COMPILER INVOKED BY: D:\software\keil5\C51\BIN\C51.EXE Uart.c OPTIMIZE(8,SPEED) BROWSE DEBUG OBJECTEXTEND PRINT(.\Listin
                    -gs\Uart.lst) OBJECT(.\Objects\Uart.obj)

line level    source

   1          #include <REGX52.H>
   2          #include "UserDef.H"
   3          #include "Uart.H"
   4          
   5          /*******************************************************************************
   6          * 函 数 名              : Uart_Initialization 串口通讯函数初始化
   7          * 函数功能              : 配置串口通讯寄存器
   8          * 输    入              : 无
   9          * 输    出              : 无
  10          *******************************************************************************/
  11          extern void Uart_Initialization(void)           //9600bps@11.0592MHz
  12          {
  13   1              PCON &= 0x7F;           //波特率不倍速                          /*9600bps@11.0592MHz*/
  14   1              SCON = 0x50;            //8位数据,可变波特率
  15   1              TMOD &= 0x0F;           //与或赋值法配置模式
  16   1              TMOD |= 0x20;           //设定定时器1为8位自动重装方式
  17   1              TL1 = 0xFD;             //设定定时初值
  18   1              TH1 = 0xFD;             //设定定时器重装值
  19   1              ET1 = 0;                //禁止定时器1中断
  20   1              TR1 = 1;                //启动定时器1
  21   1              EA = 1;                 //打开总中断
  22   1              ES = 1;         //打开串口中断
  23   1      }
  24          
  25          /*******************************************************************************
  26          * 函 数 名              : Uart_SendByte  串口发送字节函数
  27          * 函数功能              : 单片机向外发送一个字节
  28          * 输    入              : Byte（输出字节内容）
  29          * 输    出              : 无
  30          *******************************************************************************/
  31          extern void Uart_SendByte(INT8U Byte)
  32          {
  33   1              SBUF = Byte;
  34   1      }
  35          


MODULE INFORMATION:   STATIC OVERLAYABLE
   CODE SIZE        =     30    ----
   CONSTANT SIZE    =   ----    ----
   XDATA SIZE       =   ----    ----
   PDATA SIZE       =   ----    ----
   DATA SIZE        =   ----    ----
   IDATA SIZE       =   ----    ----
   BIT SIZE         =   ----    ----
END OF MODULE INFORMATION.


C51 COMPILATION COMPLETE.  0 WARNING(S),  0 ERROR(S)
