C51 COMPILER V9.54   I2C                                                                   09/29/2021 01:51:55 PAGE 1   


C51 COMPILER V9.54, COMPILATION OF MODULE I2C
OBJECT MODULE PLACED IN .\Objects\I2C.obj
COMPILER INVOKED BY: D:\software\keil5\C51\BIN\C51.EXE I2C.c LARGE OPTIMIZE(8,SPEED) BROWSE DEBUG OBJECTEXTEND PRINT(.\L
                    -istings\I2C.lst) OBJECT(.\Objects\I2C.obj)

line level    source

   1          #include <REGX52.H>
   2          #include "UserDef.H"
   3          #include "I2C.H"
   4          
   5          /*******************************************************************************
   6          * 函 数 名              : I2C_Start
   7          * 函数功能              : I2C开始函数
   8          * 输    入              : 无
   9          * 输    出              : 无
  10          *******************************************************************************/
  11          extern void I2C_Start(void)
  12          {
  13   1              I2C_SDA = 1;
  14   1              I2C_SCL = 1;
  15   1              I2C_SDA = 0;
  16   1              I2C_SCL = 0;
  17   1      }
  18          
  19          /*******************************************************************************
  20          * 函 数 名              : I2C_Stop
  21          * 函数功能              : I2C结束函数
  22          * 输    入              : 无
  23          * 输    出              : 无
  24          *******************************************************************************/
  25          extern void I2C_Stop(void)
  26          {
  27   1              I2C_SDA = 0;
  28   1              I2C_SCL = 1;
  29   1              I2C_SDA = 1;
  30   1      }
  31          
  32          /*******************************************************************************
  33          * 函 数 名              : I2C_SendByte
  34          * 函数功能              : I2C发送字节函数
  35          * 输    入              : 无
  36          * 输    出              : 无
  37          *******************************************************************************/
  38          extern void I2C_SendByte(INT8U Byte)
  39          {
  40   1              INT8U i;
  41   1              for(i = 0; i < 8; i++)
  42   1              {
  43   2                      I2C_SDA = Byte & (0x80 >> i);
  44   2                      I2C_SCL = 1;
  45   2                      I2C_SCL = 0;
  46   2              }
  47   1      }
  48          
  49          /*******************************************************************************
  50          * 函 数 名              : I2C_ReceiveByte
  51          * 函数功能              : I2C读取字节函数
  52          * 输    入              : 无
  53          * 输    出              : Byte（读取字节内容）
  54          *******************************************************************************/
C51 COMPILER V9.54   I2C                                                                   09/29/2021 01:51:55 PAGE 2   

  55          extern INT8U I2C_ReceiveByte(void)
  56          {
  57   1              INT8U i, Byte = 0x00;
  58   1              I2C_SDA = 1;
  59   1              for(i = 0; i < 8; i++)
  60   1              {
  61   2                      I2C_SCL = 1;
  62   2                      if(I2C_SDA)
  63   2                              Byte |= (0x80 >> i);
  64   2                      I2C_SCL = 0;
  65   2              }
  66   1              return Byte;
  67   1      }
  68          
  69          /*******************************************************************************
  70          * 函 数 名              : I2C_SendAck
  71          * 函数功能              : I2C发送应答函数
  72          * 输    入              : AckBit（发送应答内容：0表示单片机应答，1表示单片机不应答）
  73          * 输    出              : 无
  74          *******************************************************************************/
  75          extern void I2C_SendAck(bit AckBit)
  76          {
  77   1              I2C_SDA = AckBit;
  78   1              I2C_SCL = 1;
  79   1              I2C_SCL = 0;
  80   1      }
  81          
  82          /*******************************************************************************
  83          * 函 数 名              : I2C_ReceiveAck
  84          * 函数功能              : I2C接收应答函数
  85          * 输    入              : 无
  86          * 输    出              : AckBit（接受应答内容：0表示芯片应答，1表示芯片不应答）
  87          *******************************************************************************/
  88          extern bit I2C_ReceiveAck(void)
  89          {
  90   1              bit AckBit;
  91   1              I2C_SDA = 1;
  92   1              I2C_SCL = 1;
  93   1              AckBit = I2C_SDA;
  94   1              I2C_SCL = 0;
  95   1              return AckBit;
  96   1      }


MODULE INFORMATION:   STATIC OVERLAYABLE
   CODE SIZE        =    111    ----
   CONSTANT SIZE    =   ----    ----
   XDATA SIZE       =   ----    ----
   PDATA SIZE       =   ----    ----
   DATA SIZE        =   ----    ----
   IDATA SIZE       =   ----    ----
   BIT SIZE         =   ----       2
END OF MODULE INFORMATION.


C51 COMPILATION COMPLETE.  0 WARNING(S),  0 ERROR(S)
