C51 COMPILER V9.54   MAIN                                                                  09/17/2021 10:05:10 PAGE 1   


C51 COMPILER V9.54, COMPILATION OF MODULE MAIN
OBJECT MODULE PLACED IN .\Objects\main.obj
COMPILER INVOKED BY: D:\software\keil5\C51\BIN\C51.EXE main.c OPTIMIZE(8,SPEED) BROWSE DEBUG OBJECTEXTEND PRINT(.\Listin
                    -gs\main.lst) OBJECT(.\Objects\main.obj)

line level    source

   1          #include <REGX52.H>
   2          #include "UserDef.H"
   3          #include "Timer.H"
   4          #include "ButtonScan.H"
   5                                          
   6          sbit Motor = P2^2;              
   7          INT8U Compare = 7;              //7-90  27 -90
   8          
   9          /*******************************************************************************
  10          * 函 数 名         :  main （主函数）
  11          * 函数功能                 :  主程循环执行
  12          * 输    入         :  无
  13          * 输    出         :  无
  14          *******************************************************************************/
  15          void main(void)
  16          {
  17   1              Timer0_Initialization();
  18   1              while(1)
  19   1              {
  20   2                      ButtonScan();
  21   2                      if(Button_Value != 0)
  22   2                      {
  23   3                              switch(Button_Value)
  24   3                              {
  25   4                                      case 1: Compare = 7;    break;
  26   4                                      case 2: Compare = 10;   break;
  27   4                                      case 3: Compare = 13;   break;
  28   4                                      case 4: Compare = 15;   break;
  29   4                                      case 5: Compare = 18;   break;
  30   4                                      case 6: Compare = 21;   break;
  31   4                                      case 7: Compare = 24;   break;
  32   4                                      case 8: Compare = 27;   break;
  33   4                              }
  34   3                      }
  35   2              }
  36   1      }
  37          
  38          /*******************************************************************************
  39          * 函 数 名         : Timer_Routine 定时器主函数
  40          * 函数功能                 : 计时器计时一定时间执行内容
  41          * 输    入         : 无
  42          * 输    出         : 无
  43          *******************************************************************************/
  44          void Timer0_Routine() interrupt 1
  45          {
  46   1              static INT8U count;
  47   1              TL0 = 0x9C;             //重置定时初始值100微秒 
  48   1              TH0 = 0xFF;
  49   1          count++;
  50   1              count %= 200;   //实现超过100归零  可以取代if判断  一个PWM的周期为200*0.1ms即20ms
  51   1              if(count < Compare)
  52   1                      Motor = 1;
  53   1              else
  54   1                      Motor = 0;
C51 COMPILER V9.54   MAIN                                                                  09/17/2021 10:05:10 PAGE 2   

  55   1      }


MODULE INFORMATION:   STATIC OVERLAYABLE
   CODE SIZE        =    137    ----
   CONSTANT SIZE    =   ----    ----
   XDATA SIZE       =   ----    ----
   PDATA SIZE       =   ----    ----
   DATA SIZE        =      2    ----
   IDATA SIZE       =   ----    ----
   BIT SIZE         =   ----    ----
END OF MODULE INFORMATION.


C51 COMPILATION COMPLETE.  0 WARNING(S),  0 ERROR(S)
