C51 COMPILER V9.54   74HC595                                                               07/28/2021 15:35:44 PAGE 1   


C51 COMPILER V9.54, COMPILATION OF MODULE 74HC595
OBJECT MODULE PLACED IN .\Objects\74HC595.obj
COMPILER INVOKED BY: D:\software\keil5\C51\BIN\C51.EXE 74HC595.c OPTIMIZE(8,SPEED) BROWSE DEBUG OBJECTEXTEND PRINT(.\Lis
                    -tings\74HC595.lst) OBJECT(.\Objects\74HC595.obj)

line level    source

   1          #include <REGX52.H>
   2          #include "UserDef.H"
   3          #include "74HC595.H"
   4          #include "Delay.H"
   5          
   6          /*******************************************************************************
   7          * 函 数 名              : _74HC595_Initialization （595芯片初始化）
   8          * 函数功能              : 595芯片复位初始化
   9          * 输    入              : 无
  10          * 输    出              : 无
  11          *******************************************************************************/
  12          extern void _74HC595_Initialization()
  13          {
  14   1              _595_SRCLK = 0;
  15   1              _595_RCLK = 0;
  16   1      }
  17          
  18          /*******************************************************************************
  19          * 函 数 名              : _74HC595_SendByte （595写字节函数）
  20          * 函数功能              : 595写入字节
  21          * 输    入              : amount  (595写入字节数）
  22                                            _595_Byte1（写入字节1）
  23                                            _595_Byte2（写入字节2，若没有输入0）
  24                                            _595_Byte3（写入字节2，若没有输入0）
  25          * 输    出              : 无
  26          *******************************************************************************/
  27          static void _74HC595_SendByte(INT8U amount, _595_Byte1, _595_Byte2, _595_Byte3)
  28          {
  29   1              INT8U i;
  30   1              if(amount >= 1)
  31   1              {
  32   2                      for(i = 0; i < 8; i++)
  33   2                      {
  34   3                              _595_SER = _595_Byte1 & (0x80 >> i);
  35   3                              _595_SRCLK = 1;
  36   3                              _595_SRCLK = 0;
  37   3                      }
  38   2              }
  39   1              if(amount >= 2)
  40   1              {
  41   2                      for(i = 0; i < 8; i++)
  42   2                      {
  43   3                              _595_SER = _595_Byte2 & (0x80 >> i);
  44   3                              _595_SRCLK = 1;
  45   3                              _595_SRCLK = 0;
  46   3                      }
  47   2              }
  48   1              _595_RCLK = 1;
  49   1              _595_RCLK = 0;
  50   1      }
  51          
  52          /*******************************************************************************
  53          * 函 数 名              : MatrixLED_ShowOneColumn （点阵LED显示函数）
  54          * 函数功能              : 输入显示列数与显示内容
C51 COMPILER V9.54   74HC595                                                               07/28/2021 15:35:44 PAGE 2   

  55          * 输    入              : Show_Column（显示列数）
  56                                            Show_Data（显示内容）
  57          * 输    出              : 无
  58          *******************************************************************************/
  59          extern void MatrixLED_ShowOneColumn(INT8U Show_Column, INT8U Show_Data)
  60          {
  61   1              INT8U MatrixLED_Column;
  62   1              MatrixLED_Column = ~( 0x01 << (Show_Column) );
  63   1              _74HC595_SendByte(2, Show_Data, MatrixLED_Column, 0);
  64   1              DelayXms(2);
  65   1      //      _74HC595_SendByte(2, 0x00, 0xFF);  //消隐
  66   1      }
  67          
  68          
  69          
  70          
  71          
  72          
  73          
  74          extern void _74HC595_SendByte1()
  75          {
  76   1              _595_SER = 0;
  77   1              _595_SRCLK = 1;
  78   1              _595_SRCLK = 0;
  79   1              
  80   1              _595_SER = 0;
  81   1              _595_SRCLK = 1;
  82   1              _595_SRCLK = 0;
  83   1              
  84   1              _595_SER = 0;
  85   1              _595_SRCLK = 1;
  86   1              _595_SRCLK = 0;
  87   1              
  88   1              _595_SER = 0;
  89   1              _595_SRCLK = 1;
  90   1              _595_SRCLK = 0;
  91   1              
  92   1              _595_SER = 1;
  93   1              _595_SRCLK = 1;
  94   1              _595_SRCLK = 0;
  95   1              
  96   1              _595_SER = 1;
  97   1              _595_SRCLK = 1;
  98   1              _595_SRCLK = 0;
  99   1              
 100   1              _595_SER = 1;
 101   1              _595_SRCLK = 1;
 102   1              _595_SRCLK = 0;
 103   1              
 104   1              _595_SER = 1;
 105   1              _595_SRCLK = 1;
 106   1              _595_SRCLK = 0;
 107   1              
 108   1              _595_RCLK = 1;
 109   1              _595_RCLK = 0;
 110   1      }
 111                  
 112          
 113          
 114          


C51 COMPILER V9.54   74HC595                                                               07/28/2021 15:35:44 PAGE 3   

MODULE INFORMATION:   STATIC OVERLAYABLE
   CODE SIZE        =    197    ----
   CONSTANT SIZE    =   ----    ----
   XDATA SIZE       =   ----    ----
   PDATA SIZE       =   ----    ----
   DATA SIZE        =   ----       7
   IDATA SIZE       =   ----    ----
   BIT SIZE         =   ----    ----
END OF MODULE INFORMATION.


C51 COMPILATION COMPLETE.  0 WARNING(S),  0 ERROR(S)
