C51 COMPILER V9.54   MAIN                                                                  07/28/2021 15:35:44 PAGE 1   


C51 COMPILER V9.54, COMPILATION OF MODULE MAIN
OBJECT MODULE PLACED IN .\Objects\main.obj
COMPILER INVOKED BY: D:\software\keil5\C51\BIN\C51.EXE main.c OPTIMIZE(8,SPEED) BROWSE DEBUG OBJECTEXTEND PRINT(.\Listin
                    -gs\main.lst) OBJECT(.\Objects\main.obj)

line level    source

   1          #include <REGX52.H>
   2          #include "UserDef.H"
   3          #include "Delay.H"
   4          #include "74HC595.H"
   5          #include "Timer.H"
   6          
   7          INT8U move = 0;
   8          INT8U code LED_Data[] = {0x00,0x00,0x00,0x00,0x00,0x00,0x00,0x00,
   9                                                           0x7F,0x48,0x4C,0x4A,0x31,0x00,0x00,0x02,
  10                                                           0x15,0x15,0x15,0x0F,0x00,0x00,0x18,0x05,
  11                                                           0x05,0x05,0x1E,0x00,0x00,0x1F,0x10,0x0C,
  12                                                           0x10,0x0F,0x00,0x00,0x0E,0x11,0x11,0x11,
  13                                                           0x0E,0x00,0x00,0x1F,0x08,0x10,0x10,0x0F,
  14                                                           0x00,0x00,0x0E,0x11,0x11,0x09,0x7F,
  15                                                       0x00,0x00,0x00,0x00,0x00,0x00,0x00,0x00};   //纵向取模，高位在上，低位在下
  16                                                           
  17          /*******************************************************************************
  18          * 函 数 名         :  main （主函数）
  19          * 函数功能                 :  矩阵LED滚动显示
  20          * 输    入         :  无
  21          * 输    出         :  无
  22          *******************************************************************************/
  23          void main(void)
  24          {
  25   1      //      INT8U i;
  26   1              _74HC595_Initialization();
  27   1      //      Timer0_Initialization();
  28   1              _74HC595_SendByte1();
  29   1              while(1)
  30   1              {
  31   2      //              for(i = 0; i < 8; i++)
  32   2      //              {
  33   2      //                      MatrixLED_ShowOneColumn(i, LED_Data[i + move]);
  34   2      //              }       
  35   2              }
  36   1      }
  37          
  38          /*******************************************************************************
  39          * 函 数 名         : Timer_Routine 定时器主函数
  40          * 函数功能                 : 计时器计时控制移动速度
  41          * 输    入         : 无
  42          * 输    出         : 无
  43          *******************************************************************************/
  44          void Timer0_Routine() interrupt 1
  45          {
  46   1              static INT16U count;
  47   1              TL0 = 0x18;             //重置定时初值
  48   1              TH0 = 0xFC;             //重置定时初值
  49   1          count++;
  50   1              if(count > 80)
  51   1              {
  52   2                      count = 0;
  53   2                      move++;
  54   2                      if(move > 55)
C51 COMPILER V9.54   MAIN                                                                  07/28/2021 15:35:44 PAGE 2   

  55   2                              move = 0;
  56   2              }
  57   1      }


MODULE INFORMATION:   STATIC OVERLAYABLE
   CODE SIZE        =     58    ----
   CONSTANT SIZE    =     63    ----
   XDATA SIZE       =   ----    ----
   PDATA SIZE       =   ----    ----
   DATA SIZE        =      3    ----
   IDATA SIZE       =   ----    ----
   BIT SIZE         =   ----    ----
END OF MODULE INFORMATION.


C51 COMPILATION COMPLETE.  0 WARNING(S),  0 ERROR(S)
