C51 COMPILER V9.54   MAIN                                                                  07/16/2021 11:44:19 PAGE 1   


C51 COMPILER V9.54, COMPILATION OF MODULE MAIN
OBJECT MODULE PLACED IN .\Objects\main.obj
COMPILER INVOKED BY: D:\software\keil5\C51\BIN\C51.EXE main.c OPTIMIZE(8,SPEED) BROWSE DEBUG OBJECTEXTEND PRINT(.\Listin
                    -gs\main.lst) OBJECT(.\Objects\main.obj)

line level    source

   1          #include <REGX52.H>
   2          #include "UserDef.H"
   3          #include "Timer.H"
   4          
   5          #define smg P0
   6          
   7          INT8S Number = 9;
   8          INT8U code NixieTable[]={0xc0,0xf9,0xa4,0xb0,0x99,0x92,0x82,0xf8,0x80,0x90,0x88,0x83,0xc6,0xa1,0x86,0x8e};
             -//共阳数码管代码表"0-F"(a为最低位)
   9          
  10          /*******************************************************************************
  11          * 函 数 名         :  main主函数
  12          * 函数功能                 :  采用定时器计数，制作倒计时
  13          * 输    入         :  无
  14          * 输    出         :  无
  15          *******************************************************************************/
  16          void main(void)
  17          {
  18   1              Timer0_Initialization();
  19   1              while(1)
  20   1              {
  21   2                      smg = NixieTable[Number];
  22   2              }
  23   1      }
  24          
  25          /*******************************************************************************
  26          * 函 数 名         : Timer0_Routine 定时器0主函数
  27          * 函数功能                 : 计时器计时一定时间执行内容
  28          * 输    入         : 无
  29          * 输    出         : 无
  30          *******************************************************************************/
  31          void Timer0_Routine() interrupt 1
  32          {
  33   1              static INT16U count;
  34   1              TL0 = 0x18;             //重置定时初值
  35   1              TH0 = 0xFC;             //重置定时初值
  36   1              count++;
  37   1              if(count >= 1000)
  38   1              {
  39   2                      count = 0;
  40   2                      Number--;
  41   2                      if(Number < 0)
  42   2                              Number = 9;
  43   2              }
  44   1      }


MODULE INFORMATION:   STATIC OVERLAYABLE
   CODE SIZE        =     77    ----
   CONSTANT SIZE    =     16    ----
   XDATA SIZE       =   ----    ----
   PDATA SIZE       =   ----    ----
   DATA SIZE        =      3    ----
   IDATA SIZE       =   ----    ----
C51 COMPILER V9.54   MAIN                                                                  07/16/2021 11:44:19 PAGE 2   

   BIT SIZE         =   ----    ----
END OF MODULE INFORMATION.


C51 COMPILATION COMPLETE.  0 WARNING(S),  0 ERROR(S)
