C51 COMPILER V9.54   DELAY                                                                 08/01/2021 12:54:12 PAGE 1   


C51 COMPILER V9.54, COMPILATION OF MODULE DELAY
OBJECT MODULE PLACED IN .\Objects\Delay.obj
COMPILER INVOKED BY: D:\software\keil5\C51\BIN\C51.EXE Delay.c OPTIMIZE(8,SPEED) BROWSE DEBUG OBJECTEXTEND PRINT(.\Listi
                    -ngs\Delay.lst) OBJECT(.\Objects\Delay.obj)

line level    source

   1          #include <REGX52.H>
   2          #include <INTRINS.H>
   3          #include "UserDef.H"
   4          #include "Delay.H"
   5          
   6          /*******************************************************************************
   7          * 函 数 名         :  DelayXms 
   8          * 函数功能               :  延时Xms        晶振为12MHz 
   9          * 输    入         :  xms（延时毫秒数）
  10          * 输    出         :  无
  11          *******************************************************************************/
  12          void DelayXms(INT16U xms)       
  13          {
  14   1              INT8U  i, j; 
  15   1              while(--xms)
  16   1              {
  17   2              i = 2;
  18   2              j = 238;
  19   2                      do
  20   2                      {
  21   3                              while (--j);
  22   3                      } 
  23   2                      while (--i);
  24   2              }
  25   1      }
  26          
  27          ///*******************************************************************************
  28          //* 函 数 名         :  DelayXms 
  29          //* 函数功能               :  延时xms      晶振为11.0592MHz
  30          //* 输    入         :  xms（延时毫秒数）
  31          //* 输    出         :  无
  32          //*******************************************************************************/
  33          //extern void DelayXms(INT16U xms)      
  34          //{
  35          //      INT8U i, j; 
  36          //      while(--xms)
  37          //      {
  38          //              i = 2;
  39          //              j = 198;
  40          //              do
  41          //              {
  42          //                      while (--j);
  43          //              } 
  44          //              while (--i);
  45          //      }
  46          //}


MODULE INFORMATION:   STATIC OVERLAYABLE
   CODE SIZE        =     20    ----
   CONSTANT SIZE    =   ----    ----
   XDATA SIZE       =   ----    ----
   PDATA SIZE       =   ----    ----
   DATA SIZE        =   ----    ----
C51 COMPILER V9.54   DELAY                                                                 08/01/2021 12:54:12 PAGE 2   

   IDATA SIZE       =   ----    ----
   BIT SIZE         =   ----    ----
END OF MODULE INFORMATION.


C51 COMPILATION COMPLETE.  0 WARNING(S),  0 ERROR(S)
