C51 COMPILER V9.54   DS18B20                                                               08/01/2021 12:54:12 PAGE 1   


C51 COMPILER V9.54, COMPILATION OF MODULE DS18B20
OBJECT MODULE PLACED IN .\Objects\DS18B20.obj
COMPILER INVOKED BY: D:\software\keil5\C51\BIN\C51.EXE DS18B20.c OPTIMIZE(8,SPEED) BROWSE DEBUG OBJECTEXTEND PRINT(.\Lis
                    -tings\DS18B20.lst) OBJECT(.\Objects\DS18B20.obj)

line level    source

   1          #include <REGX52.H>
   2          #include "UserDef.H"
   3          #include "OneWire.H"
   4          #include "DS18B20.H"
   5          
   6          #define DS18B20_SKIP_ROM                0xCC
   7          #define DS18B20_CONVERT                 0x44
   8          #define DS18B20_READ_SCRATHPAD  0xBE
   9          
  10          extern void DS18B20_ConverTemperature(void)
  11          {
  12   1              OneWire_Initialization();
  13   1              OneWire_SendByte(DS18B20_SKIP_ROM);             //跳过匹配ROM
  14   1              OneWire_SendByte(DS18B20_CONVERT);              //转换温度
  15   1      }
  16          
  17          extern float DS18B20_ReadTemperature(void)
  18          {
  19   1              INT8U TLSB, TMSB;
  20   1              INT16S TemporaryTemperature;
  21   1              float DS18B20_Temperature;
  22   1              OneWire_Initialization();
  23   1              OneWire_SendByte(DS18B20_SKIP_ROM);             //跳过匹配ROM
  24   1              OneWire_SendByte(DS18B20_READ_SCRATHPAD);       //读取温度命令
  25   1              TLSB = OneWire_ReceiveByte();  //先读取低8位
  26   1              TMSB = OneWire_ReceiveByte();  //再读取低8位
  27   1              TemporaryTemperature = (TMSB << 8) | TLSB;
  28   1              DS18B20_Temperature = TemporaryTemperature / 16.0;  //除16会丢失精度
  29   1              return DS18B20_Temperature;
  30   1      }


MODULE INFORMATION:   STATIC OVERLAYABLE
   CODE SIZE        =     57    ----
   CONSTANT SIZE    =   ----    ----
   XDATA SIZE       =   ----    ----
   PDATA SIZE       =   ----    ----
   DATA SIZE        =   ----       1
   IDATA SIZE       =   ----    ----
   BIT SIZE         =   ----    ----
END OF MODULE INFORMATION.


C51 COMPILATION COMPLETE.  0 WARNING(S),  0 ERROR(S)
