C51 COMPILER V9.54   ONEWIRE                                                               08/01/2021 12:54:12 PAGE 1   


C51 COMPILER V9.54, COMPILATION OF MODULE ONEWIRE
OBJECT MODULE PLACED IN .\Objects\OneWire.obj
COMPILER INVOKED BY: D:\software\keil5\C51\BIN\C51.EXE OneWire.c OPTIMIZE(8,SPEED) BROWSE DEBUG OBJECTEXTEND PRINT(.\Lis
                    -tings\OneWire.lst) OBJECT(.\Objects\OneWire.obj)

line level    source

   1          #include <REGX52.H>
   2          #include "UserDef.H"
   3          #include "OneWire.H"
   4          
   5          extern bit OneWire_Initialization(void)
   6          {
   7   1              bit AckBit;
   8   1              INT8U i;
   9   1              OneWire_DQ = 1;                 //将DQ拉高在拉低  初始化
  10   1              OneWire_DQ = 0;
  11   1          i = 248; while (--i);       //延时500us（大于480us）
  12   1              OneWire_DQ = 1;                 //释放DQ
  13   1              i = 33; while (--i);    //延时70us （大于60 小于300）
  14   1              AckBit = OneWire_DQ;    //检测从机是否应答
  15   1              i = 123; while (--i);   //延时250us （大于300 - 70）等待从机释放总线
  16   1              return AckBit;
  17   1      }
  18          
  19          static void OneWire_SendBit(bit SendBit)
  20          {
  21   1              INT8U i;
  22   1              OneWire_DQ = 0;
  23   1              i = 3; while (--i);             //延时10us  （1~15us）
  24   1              OneWire_DQ = SendBit;   //为0则一直拉低，为1则释放总线，即可发送
  25   1              i = 25; while (--i);    //延时55us  （加起来超过60少于120us）
  26   1              OneWire_DQ = 1;                 //释放总线 防止0时一直拉低
  27   1      }
  28          
  29          static bit OneWire_ReceiveBit(void)
  30          {
  31   1              bit ReceiveBit;
  32   1              INT8U i;
  33   1              OneWire_DQ = 0;                 //将总线拉低
  34   1              i = 2; while (--i);             //延时5us
  35   1              OneWire_DQ = 1;                 //将总线释放
  36   1              i = 2; while (--i);             //延时5us
  37   1              ReceiveBit = OneWire_DQ;        //读取DQ值
  38   1              i = 25; while (--i);    //延时55us  （加起来超过60少于120us）
  39   1              return ReceiveBit;      //这里不需要释放总线，因为最终18B20会释放总线
  40   1      }
  41          
  42          extern void OneWire_SendByte(INT8U SendByte)
  43          {
  44   1              INT8U i;
  45   1              for(i = 0; i < 8; i++)
  46   1              {
  47   2                      OneWire_SendBit(SendByte & (0x01 << i));        //从低位开始写
  48   2              }
  49   1      }
  50          
  51          extern INT8U OneWire_ReceiveByte(void)
  52          {
  53   1              INT8U i, ReceiveByte = 0x00;
  54   1              for(i = 0; i < 8; i++)
C51 COMPILER V9.54   ONEWIRE                                                               08/01/2021 12:54:12 PAGE 2   

  55   1              {
  56   2                      if(OneWire_ReceiveBit())
  57   2                              ReceiveByte |= (0x01 << i);
  58   2              }
  59   1              return ReceiveByte;
  60   1      }


MODULE INFORMATION:   STATIC OVERLAYABLE
   CODE SIZE        =    132    ----
   CONSTANT SIZE    =   ----    ----
   XDATA SIZE       =   ----    ----
   PDATA SIZE       =   ----    ----
   DATA SIZE        =   ----    ----
   IDATA SIZE       =   ----    ----
   BIT SIZE         =   ----       3
END OF MODULE INFORMATION.


C51 COMPILATION COMPLETE.  0 WARNING(S),  0 ERROR(S)
