C51 COMPILER V9.54   MAIN                                                                  07/13/2021 22:33:02 PAGE 1   


C51 COMPILER V9.54, COMPILATION OF MODULE MAIN
OBJECT MODULE PLACED IN .\Objects\main.obj
COMPILER INVOKED BY: D:\software\keil5\C51\BIN\C51.EXE main.c OPTIMIZE(8,SPEED) BROWSE DEBUG OBJECTEXTEND PRINT(.\Listin
                    -gs\main.lst) OBJECT(.\Objects\main.obj)

line level    source

   1          #include <REGX52.H>
   2          #include "UserDef.H"
   3          #include "Delay.H"
   4          #include "Intrins.H"
   5          
   6          #define LED P2
   7          
   8          /*******************************************************************************
   9          * 函 数 名         :  main主函数
  10          * 函数功能                 :  执行初始化函数与循环函数 
  11          * 输    入         :  无
  12          * 输    出         :  无
  13          *******************************************************************************/
  14          //void main(void)   //IO口直接控制灯
  15          //{
  16          //      while(1)
  17          //      {
  18          //              LED = 0XA3;
  19          //      }
  20          //}
  21          
  22          //void main(void)   //延时闪烁LED
  23          //{
  24          //      while(1)
  25          //      {
  26          //              LED = 0XAA;
  27          //              DelayXms(300);
  28          //              LED = 0X55;
  29          //              DelayXms(300);
  30          //      }
  31          //}
  32          
  33          void main(void)   //循环移位流水灯
  34          {
  35   1              LED = 0X8F;
  36   1              while(1)
  37   1              {
  38   2                      DelayXms(100);
  39   2      //              LED = _crol_(LED,1);
  40   2                      LED = _cror_(LED,1);
  41   2              }
  42   1      }


MODULE INFORMATION:   STATIC OVERLAYABLE
   CODE SIZE        =     25    ----
   CONSTANT SIZE    =   ----    ----
   XDATA SIZE       =   ----    ----
   PDATA SIZE       =   ----    ----
   DATA SIZE        =   ----    ----
   IDATA SIZE       =   ----    ----
   BIT SIZE         =   ----    ----
END OF MODULE INFORMATION.


C51 COMPILATION COMPLETE.  0 WARNING(S),  0 ERROR(S)
