C51 COMPILER V9.54   MAIN                                                                  06/22/2021 12:14:57 PAGE 1   


C51 COMPILER V9.54, COMPILATION OF MODULE MAIN
OBJECT MODULE PLACED IN main.OBJ
COMPILER INVOKED BY: D:\software\keil5\C51\BIN\C51.EXE main.c OPTIMIZE(8,SPEED) BROWSE DEBUG OBJECTEXTEND

line level    source

   1          #include <REG52.H>
   2          #include "UserDef.H"
   3          #include "LCD1602.H"
   4          #include "keyboard.h"
   5          
   6          INT8U Actualkeyboard, site;
   7          INT8S Input[6];
   8          
   9          void Initialization()
  10          {
  11   1              site = 0;
  12   1          LCD_Initialization();
  13   1              LCD_ShowString(1, 1, "PassWord:");
  14   1              LCD_site(1, 11);
  15   1              LCD_WriteCommand(0X0D);      //设置光标闪烁     
  16   1      }
  17          
  18          /*******************************************************************************
  19          * 函 数 名         :  main （主函数）
  20          * 函数功能                 :  主程循环执行
  21          * 输    入         :  无
  22          * 输    出         :  无
  23          *******************************************************************************/
  24          void main(void)
  25          {
  26   1              Initialization();
  27   1              while(1)
  28   1              {
  29   2                      KeyboardScan();
  30   2                      if(KeyboardValue != 0)
  31   2                      {
  32   3                              switch(KeyboardValue)
  33   3                              {
  34   4                                      case(1) : 
  35   4                                              Actualkeyboard = 1; 
  36   4                                              break;
  37   4                                      case(2) : 
  38   4                                              Actualkeyboard = 2; 
  39   4                                              break;
  40   4                                      case(3) : 
  41   4                                              Actualkeyboard = 3; 
  42   4                                              break;
  43   4                                      case(5) : 
  44   4                                              Actualkeyboard = 4; 
  45   4                                              break;
  46   4                                      case(6) : 
  47   4                                              Actualkeyboard = 5; 
  48   4                                              break;
  49   4                                      case(7) : 
  50   4                                              Actualkeyboard = 6; 
  51   4                                              break;
  52   4                                      case(9) : 
  53   4                                              Actualkeyboard = 7; 
  54   4                                              break;
  55   4                                      case(10): 
C51 COMPILER V9.54   MAIN                                                                  06/22/2021 12:14:57 PAGE 2   

  56   4                                              Actualkeyboard = 8; 
  57   4                                      break;
  58   4                                      case(11): 
  59   4                                              Actualkeyboard = 9; 
  60   4                                              break;
  61   4                                      case(14): 
  62   4                                              Actualkeyboard = 0; 
  63   4                                              break;
  64   4                                      case(13):
  65   4                                              site--;
  66   4                                              Actualkeyboard = 10;
  67   4                                              break;
  68   4                                      case(15):
  69   4                                              site++;
  70   4                                              Actualkeyboard = 11;
  71   4                                              break;
  72   4                                      case(16): 
  73   4                                              Actualkeyboard = 12; 
  74   4                                              break;
  75   4                                      case(12):
  76   4                                              Initialization();
  77   4                                              break;
  78   4                              }
  79   3                              if(Actualkeyboard <= 9)
  80   3                              {
  81   4                                      Input[site] = Actualkeyboard;
  82   4                                      LCD_ShowChar(1, site + 11, ('0' + Input[site]));
  83   4                                      if(site < 5)
  84   4                                              site++;
  85   4                              }
  86   3                              LCD_site(1, site + 11);
  87   3                              if(Actualkeyboard == 12)
  88   3                              {
  89   4                                      INT8U x, flag = 0;
  90   4                                      INT8S PassWord[6] = {6, 7, 8, 0, 1, 2};
  91   4                                      for(x = 0; x <= 5; x++)
  92   4                                      {
  93   5                                              if(Input[x] != PassWord[x])
  94   5                                                      flag = 1;
  95   5                                      }
  96   4                                      if(flag == 0)
  97   4                                              LCD_ShowString(2, 1, "Welcome!");
  98   4                                      if(flag == 1)
  99   4                                              LCD_ShowString(2, 1, "Error!  ");       
 100   4                              }
 101   3                      }
 102   2              }
 103   1      }


MODULE INFORMATION:   STATIC OVERLAYABLE
   CODE SIZE        =    335    ----
   CONSTANT SIZE    =     34    ----
   XDATA SIZE       =   ----    ----
   PDATA SIZE       =   ----    ----
   DATA SIZE        =      8       8
   IDATA SIZE       =   ----    ----
   BIT SIZE         =   ----    ----
END OF MODULE INFORMATION.


C51 COMPILATION COMPLETE.  0 WARNING(S),  0 ERROR(S)
