C51 COMPILER V9.54   LCD1602                                                               08/03/2021 22:41:18 PAGE 1   


C51 COMPILER V9.54, COMPILATION OF MODULE LCD1602
OBJECT MODULE PLACED IN .\Objects\LCD1602.obj
COMPILER INVOKED BY: D:\software\keil5\C51\BIN\C51.EXE LCD1602.c OPTIMIZE(8,SPEED) BROWSE DEBUG OBJECTEXTEND PRINT(.\Lis
                    -tings\LCD1602.lst) OBJECT(.\Objects\LCD1602.obj)

line level    source

   1          #include <REGX52.H>
   2          #include "UserDef.H"
   3          #include "LCD1602.H"
   4          #include "Delay.H"
   5          
   6          /*******************************************************************************
   7          * 函 数 名         : LCD_WriteCommand （LCD1602写命令函数）
   8          * 函数功能                 : 为LCD写入命令
   9          * 输    入         : LCD_Command （输入命令）
  10          * 输    出         : 无
  11          *******************************************************************************/
  12          static void LCD_WriteCommand(INT8U LCD_Command)  
  13          { 
  14   1           LCD_RS = 0;
  15   1           LCD_RW = 0;
  16   1           LCD_DataPort = LCD_Command;
  17   1           LCD_E = 1;
  18   1           DelayXms(3);
  19   1           LCD_E = 0;
  20   1      }
  21          
  22          /*******************************************************************************
  23          * 函 数 名         : LCD_WriteData （LCD1602写数据函数）
  24          * 函数功能                 : 为LCD写入数据
  25          * 输    入         : LCD_Data （输入数据）
  26          * 输    出         : 无
  27          *******************************************************************************/
  28          static void LCD_WriteData(INT8U LCD_Data)  
  29          { 
  30   1           LCD_RS = 1;
  31   1           LCD_RW = 0;
  32   1           LCD_DataPort = LCD_Data;
  33   1           LCD_E = 1;
  34   1           DelayXms(3);
  35   1           LCD_E = 0;
  36   1      }
  37          
  38          /*******************************************************************************
  39          * 函 数 名         : LCD_Initialization （LCD1602初始化函数）
  40          * 函数功能                 : 液晶显示屏是初始化设置
  41          * 输    入         : 无
  42          * 输    出         : 无
  43          *******************************************************************************/
  44          extern void LCD_Initialization()   
  45          {
  46   1          LCD_WriteCommand(0x01);        //清屏
  47   1          LCD_WriteCommand(0x38);        //设置显示两行、每个字符为5*7点阵、数据线为8根
  48   1              LCD_WriteCommand(0x06);    //输入后地址指针右移
  49   1              LCD_WriteCommand(0x0c);    //显示打开、光标关闭
  50   1      }
  51          
  52          /*******************************************************************************
  53          * 函 数 名         : LCD_site （LCD确认显示位置函数）
  54          * 函数功能                 : 输入坐标确认显示位置
C51 COMPILER V9.54   LCD1602                                                               08/03/2021 22:41:18 PAGE 2   

  55          * 输    入         : Line（显示横坐标，范围：1～2）
  56                                                   Cloumn（显示纵坐标，范围：1～16）
  57          * 输    出         : 无
  58          *******************************************************************************/
  59          static void LCD_site(INT8U Line,INT8U Column)
  60          {
  61   1              if(Line == 1)
  62   1              {
  63   2                      LCD_WriteCommand(0x80 + (Column - 1));
  64   2              }
  65   1              if(Line == 2)
  66   1              {
  67   2                      LCD_WriteCommand((0x80 + 0x40) + (Column - 1));
  68   2              }
  69   1      }
  70          
  71          /*******************************************************************************
  72          * 函 数 名         : LCD_ShowString （LCD显示字符串函数）
  73          * 函数功能                 : 在输入显示位置开始显示字符串
  74          * 输    入         : Line（显示横坐标，范围：1～2）
  75                                                   Cloumn（显示纵坐标，范围：1～16）
  76                                                   String（显示字符串）
  77          * 输    出         : 无
  78          *******************************************************************************/
  79          extern void LCD_ShowString(INT8U Line,INT8U Column,INT8S String[])
  80          {
  81   1              INT8U i;
  82   1              LCD_site(Line,Column);
  83   1              for(i=0; String[i] != '\0'; i++)
  84   1              {
  85   2                      LCD_WriteData(String[i]);
  86   2              }
  87   1      }
  88          
  89          /*******************************************************************************
  90          * 函 数 名         : LCD_ShowNumber （LCD显示数字函数）
  91          * 函数功能                 : 在输入显示位置显示数字
  92          * 输    入         : Line（显示横坐标，范围：1～2）
  93                                                   Cloumn（显示纵坐标，范围：1～16）
  94                                                   Number（显示数字，范围：1~65535）
  95          * 输    出         : 无
  96          *******************************************************************************/
  97          extern void LCD_ShowNumber(INT8U Line,INT8U Column,INT16U Number)
  98          {
  99   1              INT8U x, LCD_Number[4];
 100   1              LCD_site(Line,Column);
 101   1              
 102   1              LCD_Number[0] = Number / 10000;                 //用于存放万位
 103   1              LCD_Number[1] = (Number % 10000) / 1000;                //用于存放千位
 104   1              LCD_Number[2] = (Number % 1000) / 100;                  //用于存放百位
 105   1              LCD_Number[3] = (Number % 100) / 10;                    //用于存放十位
 106   1              LCD_Number[4] = Number % 10;                                    //用于存放个位
 107   1      
 108   1      //      for(x = 0; x <= 1; x++)
 109   1      //      {
 110   1      //              if(LCD_Number[x] != 0)
 111   1      //                      break;
 112   1      //      }
 113   1              for(x = 0 ; x <= 4; x++)
 114   1              {
 115   2                      LCD_WriteData('0' + LCD_Number[x]);
 116   2              }
C51 COMPILER V9.54   LCD1602                                                               08/03/2021 22:41:18 PAGE 3   

 117   1      }
 118          
 119          /*******************************************************************************
 120          * 函 数 名         : LCD_ShowNumber （LCD显示数字函数）
 121          * 函数功能                 : 在输入显示位置显示数字
 122          * 输    入         : Line（显示横坐标，范围：1～2）
 123                                                   Cloumn（显示纵坐标，范围：1～16）
 124                                                   Number（显示数字，范围：1~65535）
 125          * 输    出         : 无
 126          *******************************************************************************/
 127          extern void LCD_ShowChar(INT8U Line,INT8U Column,INT8U LCD_Char)
 128          {
 129   1              LCD_site(Line,Column);
 130   1              LCD_WriteData(LCD_Char);
 131   1      }


MODULE INFORMATION:   STATIC OVERLAYABLE
   CODE SIZE        =    271    ----
   CONSTANT SIZE    =   ----    ----
   XDATA SIZE       =   ----    ----
   PDATA SIZE       =   ----    ----
   DATA SIZE        =   ----      14
   IDATA SIZE       =   ----    ----
   BIT SIZE         =   ----    ----
END OF MODULE INFORMATION.


C51 COMPILATION COMPLETE.  0 WARNING(S),  0 ERROR(S)
