C51 COMPILER V9.54   TIMER                                                                 08/03/2021 22:41:18 PAGE 1   


C51 COMPILER V9.54, COMPILATION OF MODULE TIMER
OBJECT MODULE PLACED IN .\Objects\Timer.obj
COMPILER INVOKED BY: D:\software\keil5\C51\BIN\C51.EXE Timer.c OPTIMIZE(8,SPEED) BROWSE DEBUG OBJECTEXTEND PRINT(.\Listi
                    -ngs\Timer.lst) OBJECT(.\Objects\Timer.obj)

line level    source

   1          #include <REGX52.H>
   2          #include "UserDef.H"
   3          #include "Timer.H"
   4          
   5          INT8U Compare;
   6          
   7          /*******************************************************************************
   8          * 函 数 名         : Timer0_Initialization 定时器初始化函数
   9          * 函数功能                 : 定时器初始化设置（1毫秒@12.000MHz）
  10          * 输    入         : 无
  11          * 输    出         : 无
  12          *******************************************************************************/
  13          extern void Timer0_Initialization(void)
  14          {
  15   1              EA = 1;                 //总中断打开
  16   1              ET0 = 1;                //定时器0打开
  17   1              TMOD &= 0xF0;   //与或赋值
  18   1              TMOD |= 0x01;   //设置定时器模式1
  19   1              TF0 = 0;                //清除TF0标志
  20   1      //      TR0 = 1;                //定时器0开始计时
  21   1      }
  22          
  23          extern void Timer0_Run(void)
  24          {
  25   1              TL0 = 0;                
  26   1              TH0 = 0;
  27   1              TR0 = 1;                //将计数值归零后开始计时
  28   1      }
  29          
  30          extern INT16U Timer0_GetCounter(void)
  31          {
  32   1              INT16U GetCounter;
  33   1              TR0 = 0;                //将定时器停止后获取计数值
  34   1              GetCounter = (TH0 << 8) | TL0;
  35   1              return GetCounter;
  36   1      }
  37          
  38          extern void Timer1_Initialization(void)
  39          {
  40   1              EA = 1;                 //总中断打开
  41   1              ET1 = 1;                //定时器0打开
  42   1              TMOD &= 0x0F;   //与或赋值
  43   1              TMOD |= 0x10;   //设置定时器模式1
  44   1              TL1 = 0x9C;             //设置定时初始值100微秒 
  45   1              TH1 = 0xFF;
  46   1              TF1 = 0;                //清除TF0标志
  47   1              TR1 = 1;                //定时器0开始计时
  48   1      }
  49          
  50          void Timer1_Routine() interrupt 3
  51          {
  52   1              static INT8U count;
  53   1              TL1 = 0x9C;             //重置定时初始值100微秒 
  54   1              TH1 = 0xFF;
C51 COMPILER V9.54   TIMER                                                                 08/03/2021 22:41:18 PAGE 2   

  55   1          count++;
  56   1              count %= 100;   //实现超过100归零  可以取代if判断  一个PWM的周期为100*100us即10ms
  57   1              if(count < Compare)
  58   1                      Motor = 1;
  59   1              else
  60   1                      Motor = 0;
  61   1      }


MODULE INFORMATION:   STATIC OVERLAYABLE
   CODE SIZE        =     96    ----
   CONSTANT SIZE    =   ----    ----
   XDATA SIZE       =   ----    ----
   PDATA SIZE       =   ----    ----
   DATA SIZE        =      2    ----
   IDATA SIZE       =   ----    ----
   BIT SIZE         =   ----    ----
END OF MODULE INFORMATION.


C51 COMPILATION COMPLETE.  0 WARNING(S),  0 ERROR(S)
