C51 COMPILER V9.01   ALARM                                                                 05/08/2021 18:31:42 PAGE 1   


C51 COMPILER V9.01, COMPILATION OF MODULE ALARM
OBJECT MODULE PLACED IN alarm.OBJ
COMPILER INVOKED BY: D:\软件\keil\C51\BIN\C51.EXE alarm.c BROWSE DEBUG OBJECTEXTEND

line level    source

   1          #include <reg52.h>
   2          #include"userdef.h"
   3          #include"alarm.h"
   4          #include"ds18b20.h"
   5          #include"keypad.h"
   6          
   7          extern void buz_led_alarm(void)
   8          {
   9   1              int temp_compare_hig;
  10   1              int temp_compare_low;
  11   1              int re_value = tvalue;
  12   1              temp_compare_hig = higtemp * 100;
  13   1              temp_compare_low = lowtemp * 100;
  14   1      
  15   1              if(tflag==1)            //如果是负数
  16   1                      re_value = re_value * -1;
  17   1      
  18   1              if(re_value>temp_compare_hig)
  19   1              {
  20   2                      BUZ = 0;
  21   2              }
  22   1              else
  23   1              {
  24   2                      if(re_value<temp_compare_low)
  25   2                              BUZ = 0;
  26   2                      else
  27   2                              BUZ = 1;        
  28   2              }       
  29   1      }


MODULE INFORMATION:   STATIC OVERLAYABLE
   CODE SIZE        =     93    ----
   CONSTANT SIZE    =   ----    ----
   XDATA SIZE       =   ----    ----
   PDATA SIZE       =   ----    ----
   DATA SIZE        =   ----       2
   IDATA SIZE       =   ----    ----
   BIT SIZE         =   ----    ----
END OF MODULE INFORMATION.


C51 COMPILATION COMPLETE.  0 WARNING(S),  0 ERROR(S)
