C51 COMPILER V9.01   MAIN                                                                  05/08/2021 18:31:42 PAGE 1   


C51 COMPILER V9.01, COMPILATION OF MODULE MAIN
OBJECT MODULE PLACED IN main.OBJ
COMPILER INVOKED BY: D:\软件\keil\C51\BIN\C51.EXE main.c BROWSE DEBUG OBJECTEXTEND

line level    source

   1          #include <reg52.h>
   2          #include"userdef.h"
   3          #include"lcd1602.h"
   4          #include"ds18b20.h"
   5          #include"keypad.h"
   6          #include"alarm.h"
   7          
   8          void main(void)
   9          { 
  10   1              lcd_init();//LCD初始化显示
  11   1              while(1)
  12   1              {
  13   2                      keypadscan();
  14   2                      if(dismod_change==1)
  15   2                      {
  16   3                              lcd_dis_mod(1);
  17   3                              while(dismod_change)  //在此状态重复读取温度值并显示
  18   3                              {
  19   4                                      read_temp(1);//读取温度
  20   4                                      buz_led_alarm();
  21   4                              lcd_disp_18b20(1);//显示
  22   4                              read_temp(2);//读取温度
  23   4                                      buz_led_alarm();
  24   4                              lcd_disp_18b20(2);//显示
  25   4                                      keypadscan();
  26   4                              }
  27   3                      }
  28   2                      if(dismod_change==0)      //在此状态循环检测键盘设置上下限
  29   2                      {
  30   3                              lcd_dis_mod(2);
  31   3                              while(!dismod_change)
  32   3                              {                       
  33   4                                      keypadscan();
  34   4                                      if(temp_change)                         //判断当前设置是上限还是下限用于提醒用户
  35   4                                      {
  36   5                                              lcd_write_com(0x81);    //让光标闪烁
  37   5                                      }
  38   4                                      else
  39   4                                              lcd_write_com(0xc1);
  40   4                              }
  41   3                      }
  42   2              }
  43   1      }


MODULE INFORMATION:   STATIC OVERLAYABLE
   CODE SIZE        =     79    ----
   CONSTANT SIZE    =   ----    ----
   XDATA SIZE       =   ----    ----
   PDATA SIZE       =   ----    ----
   DATA SIZE        =   ----    ----
   IDATA SIZE       =   ----    ----
   BIT SIZE         =   ----    ----
END OF MODULE INFORMATION.


C51 COMPILATION COMPLETE.  0 WARNING(S),  0 ERROR(S)
