C51 COMPILER V9.01   DS18B20_2                                                             01/06/2020 23:36:35 PAGE 1   


C51 COMPILER V9.01, COMPILATION OF MODULE DS18B20_2
OBJECT MODULE PLACED IN DS18B20_2.OBJ
COMPILER INVOKED BY: E:\keil\anzhuang\C51\BIN\C51.EXE DS18B20_2.c BROWSE DEBUG OBJECTEXTEND

line level    source

   1          #include <DS18B20_2.h>
   2          
   3          bit flag_fu2=0;
   4          /***************以下是测温程序*****************/
   5          void delay_18B20_2(unsigned int i)//延时函数
   6          {
   7   1       while(i--);
   8   1      }
   9          //18b20初始化函数
  10          static void Init_DS18B20(void)
  11          {
  12   1       unsigned char x=0;
  13   1       DQ_2 = 1;    //DQ_2复位
  14   1       delay_18B20_2(8);  //稍做延时
  15   1       DQ_2 = 0;    //单片机将DQ_2拉低
  16   1       delay_18B20_2(80); //精确延时 大于 480us
  17   1       DQ_2 = 1;    //拉高总线
  18   1       delay_18B20_2(10);
  19   1       x=DQ_2;      //稍做延时后 如果x=0则初始化成功 x=1则初始化失败
  20   1       delay_18B20_2(5);
  21   1      }
  22          
  23          //读一个字节
  24          static unsigned char ReadOneChar(void)
  25          {
  26   1      unsigned char i=0;
  27   1      unsigned char dat = 0;
  28   1      for (i=8;i>0;i--)
  29   1       {
  30   2        DQ_2 = 0; // 给脉冲信号
  31   2        dat>>=1;
  32   2        DQ_2 = 1; // 给脉冲信号
  33   2        if(DQ_2)
  34   2         dat|=0x80;
  35   2        delay_18B20_2(5);
  36   2       }
  37   1       return(dat);
  38   1      }
  39          //写一个字节
  40          static void WriteOneChar(unsigned char dat)
  41          {
  42   1       unsigned char i=0;
  43   1       for (i=8; i>0; i--)
  44   1       {
  45   2        DQ_2 = 0;
  46   2        DQ_2 = dat&0x01;
  47   2        delay_18B20_2(5);
  48   2        DQ_2 = 1;
  49   2        dat>>=1;
  50   2       }
  51   1      delay_18B20_2(5);
  52   1      }
  53          //读取温度
  54          int ReadTemperature_2(void)
  55          {
C51 COMPILER V9.01   DS18B20_2                                                             01/06/2020 23:36:35 PAGE 2   

  56   1              int value; //存放温度数值
  57   1              unsigned int tmpvalue;
  58   1      
  59   1              unsigned char a=0;
  60   1              unsigned char b=0;
  61   1              float t;
  62   1      
  63   1              Init_DS18B20();
  64   1              WriteOneChar(0xCC); // 跳过读序号列号的操作
  65   1              WriteOneChar(0x44); // 启动温度转换
  66   1              delay_18B20_2(100);
  67   1              Init_DS18B20();
  68   1              WriteOneChar(0xCC); //跳过读序号列号的操作 
  69   1              WriteOneChar(0xBE); //读取温度寄存器等（共可读9个寄存器） 前两个就是温度
  70   1              a=ReadOneChar();
  71   1              b=ReadOneChar();        
  72   1              if((b&0xf8)==0xf8) //高字节的高5位为1时，温度为负
  73   1                      {flag_fu2=1;}
  74   1              else
  75   1                      {flag_fu2=0;}
  76   1      
  77   1          //将高低两个字节合成一个整形变量
  78   1          //计算机中对于负数是利用补码来表示的
  79   1          //若是负值, 读取出来的数值是用补码表示的, 可直接赋值给int型的value
  80   1          tmpvalue = b;
  81   1          tmpvalue <<= 8;
  82   1          tmpvalue |= a;
  83   1          value = tmpvalue;
  84   1              if(flag_fu2==1)  //温度为负值
  85   1              {
  86   2                      value=(~value)+1; //取反再加1
  87   2              }
  88   1       
  89   1          //使用DS18B20的默认分辨率12位, 精确度为0.0625度, 即读回数据的最低位代表0.0625度
  90   1          t = value * 0.0625;
  91   1       
  92   1          value = t * 100 + (value > 0 ? 0.5 : -0.5); //大于0加0.5, 小于0减0.5
  93   1              
  94   1          return value;
  95   1      }


MODULE INFORMATION:   STATIC OVERLAYABLE
   CODE SIZE        =    276    ----
   CONSTANT SIZE    =   ----    ----
   XDATA SIZE       =   ----    ----
   PDATA SIZE       =   ----    ----
   DATA SIZE        =   ----       6
   IDATA SIZE       =   ----    ----
   BIT SIZE         =      1    ----
END OF MODULE INFORMATION.


C51 COMPILATION COMPLETE.  0 WARNING(S),  0 ERROR(S)
