C51 COMPILER V9.54   AT24C02                                                               07/30/2021 01:02:39 PAGE 1   


C51 COMPILER V9.54, COMPILATION OF MODULE AT24C02
OBJECT MODULE PLACED IN .\Objects\AT24C02.obj
COMPILER INVOKED BY: D:\software\keil5\C51\BIN\C51.EXE AT24C02.c OPTIMIZE(8,SPEED) BROWSE DEBUG OBJECTEXTEND PRINT(.\Lis
                    -tings\AT24C02.lst) OBJECT(.\Objects\AT24C02.obj)

line level    source

   1          #include <REGX52.H>
   2          #include "UserDef.H"
   3          #include "AT24C02.H"
   4          #include "I2C.H"
   5          
   6          /*******************************************************************************
   7          * 函 数 名              : AT24C02_WriteByte （EEPROM写入函数）
   8          * 函数功能              : 在输入地址上写入一个字节内容
   9          * 输    入              : WordAddress（写入字节地址 输入范围0~255）
  10                                            Data（写入内容）
  11          * 输    出              : 无
  12          *******************************************************************************/
  13          extern void AT24C02_WriteByte(INT8U WordAddress, Data)
  14          {
  15   1              I2C_Start();
  16   1              I2C_SendByte(0xA0);
  17   1              I2C_ReceiveAck();
  18   1              I2C_SendByte(WordAddress);
  19   1              I2C_ReceiveAck();
  20   1              I2C_SendByte(Data);
  21   1              I2C_ReceiveAck();
  22   1              I2C_Stop();
  23   1      }
  24          
  25          /*******************************************************************************
  26          * 函 数 名              : AT24C02_ReadByte（EEPROM读取函数）
  27          * 函数功能              : 读取输入地址内的一个字节内容
  28          * 输    入              : WordAddress（读取地址 输入范围0~255）
  29          * 输    出              : Data（读取内容）
  30          *******************************************************************************/
  31          extern INT8U AT24C02_ReadByte(INT8U WordAddress)
  32          {
  33   1              INT8U Data;
  34   1              I2C_Start();
  35   1              I2C_SendByte(0xA0);
  36   1              I2C_ReceiveAck();
  37   1              I2C_SendByte(WordAddress);
  38   1              I2C_ReceiveAck();
  39   1              I2C_Start();
  40   1              I2C_SendByte(0xA1);
  41   1              I2C_ReceiveAck();
  42   1              Data = I2C_ReceiveByte();
  43   1              I2C_SendAck(1);
  44   1              I2C_Stop();
  45   1              return Data;
  46   1      }       


MODULE INFORMATION:   STATIC OVERLAYABLE
   CODE SIZE        =     84    ----
   CONSTANT SIZE    =   ----    ----
   XDATA SIZE       =   ----    ----
   PDATA SIZE       =   ----    ----
   DATA SIZE        =   ----       5
C51 COMPILER V9.54   AT24C02                                                               07/30/2021 01:02:39 PAGE 2   

   IDATA SIZE       =   ----    ----
   BIT SIZE         =   ----    ----
END OF MODULE INFORMATION.


C51 COMPILATION COMPLETE.  0 WARNING(S),  0 ERROR(S)
