C51 COMPILER V9.54   BUTTONSCAN                                                            07/30/2021 01:02:39 PAGE 1   


C51 COMPILER V9.54, COMPILATION OF MODULE BUTTONSCAN
OBJECT MODULE PLACED IN .\Objects\ButtonScan.obj
COMPILER INVOKED BY: D:\software\keil5\C51\BIN\C51.EXE ButtonScan.c OPTIMIZE(8,SPEED) BROWSE DEBUG OBJECTEXTEND PRINT(.\
                    -Listings\ButtonScan.lst) OBJECT(.\Objects\ButtonScan.obj)

line level    source

   1          #include <REGX52.H>
   2          #include "UserDef.H"
   3          #include "Delay.H"
   4          #include "ButtonScan.H"
   5          
   6          INT8U Button_Value;
   7          
   8          extern INT8U ButtonScan(void)
   9          {
  10   1              Button_Value = 0;
  11   1              P1 = 0xFF;              //将按钮引脚置1
  12   1              
  13   1              if(Button1 == 0)        //检测按键1按下
  14   1              {
  15   2                      DelayXms(10);    //延时消抖
  16   2                      if(Button1 == 0)
  17   2                      {
  18   3                              Button_Value = 1;
  19   3                      }
  20   2                      while(Button1 != 1);   //松手检测
  21   2              }
  22   1              
  23   1              if(Button2 == 0)        //检测按键1按下
  24   1              {
  25   2                      DelayXms(10);    //延时消抖
  26   2                      if(Button2 == 0)
  27   2                      {
  28   3                              Button_Value = 2;
  29   3                      }
  30   2                      while(Button2 != 1);   //松手检测
  31   2              }
  32   1              
  33   1              if(Button3 == 0)        //检测按键1按下
  34   1              {
  35   2                      DelayXms(10);    //延时消抖
  36   2                      if(Button3 == 0)
  37   2                      {
  38   3                              Button_Value = 3;
  39   3                      }
  40   2                      while(Button3 != 1);   //松手检测
  41   2              }
  42   1              
  43   1              if(Button4 == 0)        //检测按键1按下
  44   1              {
  45   2                      DelayXms(10);    //延时消抖
  46   2                      if(Button4 == 0)
  47   2                      {
  48   3                              Button_Value = 4;
  49   3                      }
  50   2                      while(Button4 != 1);   //松手检测
  51   2              }
  52   1              
  53   1              if(Button5 == 0)        //检测按键1按下
  54   1              {
C51 COMPILER V9.54   BUTTONSCAN                                                            07/30/2021 01:02:39 PAGE 2   

  55   2                      DelayXms(10);    //延时消抖
  56   2                      if(Button5 == 0)
  57   2                      {
  58   3                              Button_Value = 5;
  59   3                      }
  60   2                      while(Button5 != 1);   //松手检测
  61   2              }
  62   1              
  63   1              if(Button6 == 0)        //检测按键1按下
  64   1              {
  65   2                      DelayXms(10);    //延时消抖
  66   2                      if(Button6 == 0)
  67   2                      {
  68   3                              Button_Value = 6;
  69   3                      }
  70   2                      while(Button6 != 1);   //松手检测
  71   2              }
  72   1              
  73   1              if(Button7 == 0)        //检测按键1按下
  74   1              {
  75   2                      DelayXms(10);    //延时消抖
  76   2                      if(Button7 == 0)
  77   2                      {
  78   3                              Button_Value = 7;
  79   3                      }
  80   2                      while(Button7 != 1);   //松手检测
  81   2              }
  82   1              
  83   1              if(Button8 == 0)        //检测按键1按下
  84   1              {
  85   2                      DelayXms(10);    //延时消抖
  86   2                      if(Button8 == 0)
  87   2                      {
  88   3                              Button_Value = 8;
  89   3                      }
  90   2                      while(Button8 != 1);   //松手检测
  91   2              }
  92   1              
  93   1              return Button_Value;
  94   1      }


MODULE INFORMATION:   STATIC OVERLAYABLE
   CODE SIZE        =    160    ----
   CONSTANT SIZE    =   ----    ----
   XDATA SIZE       =   ----    ----
   PDATA SIZE       =   ----    ----
   DATA SIZE        =      1    ----
   IDATA SIZE       =   ----    ----
   BIT SIZE         =   ----    ----
END OF MODULE INFORMATION.


C51 COMPILATION COMPLETE.  0 WARNING(S),  0 ERROR(S)
