C51 COMPILER V9.54   MAIN                                                                  07/30/2021 01:02:39 PAGE 1   


C51 COMPILER V9.54, COMPILATION OF MODULE MAIN
OBJECT MODULE PLACED IN .\Objects\main.obj
COMPILER INVOKED BY: D:\software\keil5\C51\BIN\C51.EXE main.c OPTIMIZE(8,SPEED) BROWSE DEBUG OBJECTEXTEND PRINT(.\Listin
                    -gs\main.lst) OBJECT(.\Objects\main.obj)

line level    source

   1          /*******************************************************************************
   2          实现功能：
   3          引脚定义：
   4          *******************************************************************************/
   5          
   6          #include <REGX52.H>
   7          #include "UserDef.H"
   8          #include "LCD1602.H"
   9          #include "AT24C02.H"
  10          #include "Delay.H"
  11          #include "ButtonScan.H"
  12                  
  13          INT16U Number;  
  14          
  15          /*******************************************************************************
  16          * 函 数 名         :  main （主函数）
  17          * 函数功能                 :  主程循环执行
  18          * 输    入         :  无
  19          * 输    出         :  无
  20          *******************************************************************************/
  21          void main(void)
  22          {
  23   1              LCD_Initialization();
  24   1              LCD_ShowNumber(1, 1, Number);
  25   1              while(1)
  26   1              {
  27   2                      ButtonScan();
  28   2                      
  29   2                      if(Button_Value != 0)
  30   2                      {
  31   3                              if(Button_Value == 1)
  32   3                              {
  33   4                                      Number++;
  34   4                                      LCD_ShowNumber(1, 1, Number);
  35   4                              }
  36   3                              if(Button_Value == 2)
  37   3                              {
  38   4                                      Number--;
  39   4                                      LCD_ShowNumber(1, 1, Number);
  40   4                              }
  41   3                              if(Button_Value == 3)
  42   3                              {
  43   4                                      AT24C02_WriteByte(0, Number / 256);
  44   4                                      DelayXms(5);
  45   4                                      AT24C02_WriteByte(1, Number % 256);
  46   4                                      DelayXms(5);
  47   4                                      LCD_ShowString(2, 1, "Write OK!");
  48   4                                      DelayXms(1000);
  49   4                                      LCD_ShowString(2, 1, "         ");
  50   4                              }
  51   3                              if(Button_Value == 4)
  52   3                              {
  53   4                                      Number = AT24C02_ReadByte(0);
  54   4                                      Number = (Number *256) + AT24C02_ReadByte(1);
C51 COMPILER V9.54   MAIN                                                                  07/30/2021 01:02:39 PAGE 2   

  55   4                                      LCD_ShowNumber(1, 1, Number);
  56   4                                      LCD_ShowString(2, 1, "Read OK!");
  57   4                                      DelayXms(1000);
  58   4                                      LCD_ShowString(2, 1, "        ");
  59   4                              }
  60   3                      }
  61   2              }
  62   1      }


MODULE INFORMATION:   STATIC OVERLAYABLE
   CODE SIZE        =    222    ----
   CONSTANT SIZE    =     38    ----
   XDATA SIZE       =   ----    ----
   PDATA SIZE       =   ----    ----
   DATA SIZE        =      2    ----
   IDATA SIZE       =   ----    ----
   BIT SIZE         =   ----    ----
END OF MODULE INFORMATION.


C51 COMPILATION COMPLETE.  0 WARNING(S),  0 ERROR(S)
