C51 COMPILER V9.54   MAIN                                                                  07/16/2021 12:59:46 PAGE 1   


C51 COMPILER V9.54, COMPILATION OF MODULE MAIN
OBJECT MODULE PLACED IN .\Objects\main.obj
COMPILER INVOKED BY: D:\software\keil5\C51\BIN\C51.EXE main.c OPTIMIZE(8,SPEED) BROWSE DEBUG OBJECTEXTEND PRINT(.\Listin
                    -gs\main.lst) OBJECT(.\Objects\main.obj)

line level    source

   1          #include <REGX52.H>
   2          #include "UserDef.H"
   3          #include "Delay.h"
   4          #include "Uart.h"
   5          #include "LCD1602.H"
   6          
   7          sbit button1 = P2^0;
   8          sbit button2 = P2^1;
   9          
  10          /*******************************************************************************
  11          * 函 数 名         :  main （主函数）
  12          * 函数功能                 :  按下按键1发送字符串Hello World，按下按键二发送字符回车
  13          * 输    入         :  无
  14          * 输    出         :  无
  15          *******************************************************************************/
  16          void main(void)
  17          {
  18   1              Uart_Initialization();
  19   1              LCD_Initialization();
  20   1              button1 = 1;
  21   1              button2 = 1;
  22   1              LCD_ShowString(1, 1, "Li Yun !");
  23   1              while(1)
  24   1              {
  25   2                      if(button1 == 0)
  26   2                      {
  27   3                              DelayXms(10);
  28   3                              if(button1 == 0)
  29   3                              {
  30   4                                      Uart_SendString("Hello World !\n");
  31   4                              }
  32   3                              while(button1 == 0);
  33   3                      }
  34   2                      if(button2 == 0)
  35   2                      {
  36   3                              DelayXms(10);
  37   3                              if(button2 == 0)
  38   3                              {
  39   4                                      Uart_SendByte('\n');
  40   4                              }
  41   3                              while(button2 == 0);
  42   3                      }
  43   2              }
  44   1      }


MODULE INFORMATION:   STATIC OVERLAYABLE
   CODE SIZE        =     71    ----
   CONSTANT SIZE    =     24    ----
   XDATA SIZE       =   ----    ----
   PDATA SIZE       =   ----    ----
   DATA SIZE        =   ----    ----
   IDATA SIZE       =   ----    ----
   BIT SIZE         =   ----    ----
C51 COMPILER V9.54   MAIN                                                                  07/16/2021 12:59:46 PAGE 2   

END OF MODULE INFORMATION.


C51 COMPILATION COMPLETE.  0 WARNING(S),  0 ERROR(S)
